Message logged at 02/03/20 14:34:53 by User Vyryn#4618 in Guild: sample corp server in Channel registration: with Content: ^register
Message logged at 02/03/20 14:34:54 by Bot David8#4665 in Guild: sample corp server in Channel registration: with Content: Hi, I'm David. \nWelcome <@125449182663278592> to the Corporation! I'm your friendly neighborhood robot and I'll try my best to walk you through our process. \nIf you're ready to begin, **__please type__** \n```\nok```\nOr, if at any stage this seems too difficult, type `help` and I'll get a real person, it will just take longer.
Message logged at 02/03/20 14:34:55 by User Vyryn#4618 in Guild: sample corp server in Channel registration: with Content: ok
Message logged at 02/03/20 14:34:55 by Bot David8#4665 in Guild: sample corp server in Channel registration: with Content: Great. Now I know you can understand me :smiley:\nCan you **__please post your RSI handle__** here? Or, if you're not sure how to that, type `how`.
Message logged at 02/03/20 14:34:58 by User Vyryn#4618 in Guild: sample corp server in Channel registration: with Content: Vyryn
Message logged at 02/03/20 14:34:58 by Bot David8#4665 in Guild: sample corp server in Channel registration: with Content: Thanks! I'd just like to confirm: Your RSI handle is   **`Vyryn`**   ?\n**__Confirm with__** \n```\nok```\n, or type it again if you made a mistake.
Message logged at 02/03/20 14:35:00 by User Vyryn#4618 in Guild: sample corp server in Channel registration: with Content: ok
Message logged at 02/03/20 14:35:00 by Bot David8#4665 in Guild: sample corp server in Channel registration: with Content: Great. Next I need to check your profile actually belongs to you.\n The way I'd like to do that is by having you **__add the phrase__** \n\nI am Vyryn#4618 on Discord\n\n**__ to your profile__** and then **__type__** \n```\nok```\n and I'll take a look at your profile. Or, if you're not sure how to do that, type `how`.
Message logged at 02/03/20 14:35:03 by User Vyryn#4618 in Guild: sample corp server in Channel registration: with Content: ok
Message logged at 02/03/20 14:35:03 by Bot David8#4665 in Guild: sample corp server in Channel registration: with Content: Checking your RSI profile...
Message logged at 02/03/20 14:35:05 by Bot David8#4665 in Guild: sample corp server in Channel registration: with Content: Great news! I was able to confirm you put the phrase in your bio *and* that you are in the Corporation. I'll go ahead and assign your Corporateer tag.
Message logged at 02/03/20 14:35:05 by Bot David8#4665 in Guild: sample corp server in Channel registration: with Content: Hmm, something went wrong with register. I have let the developer know, and they will take a look.
Message logged at 02/03/20 14:38:44 by User Vyryn#4618 in Guild: sample corp server in Channel registration: with Content: ^register
Message logged at 02/03/20 14:38:44 by Bot David8#4665 in Guild: sample corp server in Channel registration: with Content: Hi, I'm David. \nWelcome <@125449182663278592> to the Corporation! I'm your friendly neighborhood robot and I'll try my best to walk you through our process. \nIf you're ready to begin, **__please type__** \n```\nok```\nOr, if at any stage this seems too difficult, type `help` and I'll get a real person, it will just take longer.
Message logged at 02/03/20 14:38:46 by User Vyryn#4618 in Guild: sample corp server in Channel registration: with Content: ok
Message logged at 02/03/20 14:38:46 by Bot David8#4665 in Guild: sample corp server in Channel registration: with Content: Great. Now I know you can understand me :smiley:\nCan you **__please post your RSI handle__** here? Or, if you're not sure how to that, type `how`.
Message logged at 02/03/20 14:38:49 by User Vyryn#4618 in Guild: sample corp server in Channel registration: with Content: Vyryn
Message logged at 02/03/20 14:38:51 by Bot David8#4665 in Guild: sample corp server in Channel registration: with Content: Thanks! I'd just like to confirm: Your RSI handle is   **`Vyryn`**   ?\n**__Confirm with__** \n```\nok```\n, or type it again if you made a mistake.
Message logged at 02/03/20 14:38:52 by User Vyryn#4618 in Guild: sample corp server in Channel registration: with Content: ok
Message logged at 02/03/20 14:39:07 by User Vyryn#4618 in Guild: sample corp server in Channel registration: with Content: I said
Message logged at 02/03/20 14:39:07 by Bot David8#4665 in Guild: sample corp server in Channel registration: with Content: Thanks! I'd just like to confirm: Your RSI handle is   **`I said`**   ?\n**__Confirm with__** \n```\nok```\n, or type it again if you made a mistake.
Message logged at 02/03/20 14:39:09 by Bot David8#4665 in Guild: sample corp server in Channel registration: with Content: Thanks! I'd just like to confirm: Your RSI handle is   **`To claim my rightful place`**   ?\n**__Confirm with__** \n```\nok```\n, or type it again if you made a mistake.
Message logged at 02/03/20 14:39:16 by User Vyryn#4618 in Guild: sample corp server in Channel registration: with Content: Vyryn
Message logged at 02/03/20 14:39:16 by Bot David8#4665 in Guild: sample corp server in Channel registration: with Content: Thanks! I'd just like to confirm: Your RSI handle is   **`Vyryn`**   ?\n**__Confirm with__** \n```\nok```\n, or type it again if you made a mistake.
Message logged at 02/03/20 14:39:17 by User Vyryn#4618 in Guild: sample corp server in Channel registration: with Content: ok
Message logged at 02/03/20 14:39:17 by Bot David8#4665 in Guild: sample corp server in Channel registration: with Content: Great. Next I need to check your profile actually belongs to you.\n The way I'd like to do that is by having you **__add the phrase__** \n\nI am Vyryn#4618 on Discord\n\n**__ to your profile__** and then **__type__** \n```\nok```\n and I'll take a look at your profile. Or, if you're not sure how to do that, type `how`.
Message logged at 02/03/20 14:39:20 by User Vyryn#4618 in Guild: sample corp server in Channel registration: with Content: ok
Message logged at 02/03/20 14:39:20 by Bot David8#4665 in Guild: sample corp server in Channel registration: with Content: Checking your RSI profile...
Message logged at 02/03/20 14:39:21 by Bot David8#4665 in Guild: sample corp server in Channel registration: with Content: Great news! I was able to confirm you put the phrase in your bio *and* that you are in the Corporation. I'll go ahead and assign your Corporateer tag.
Message logged at 02/03/20 14:39:22 by Bot David8#4665 in Guild: sample corp server in Channel registration: with Content: Nearly done... I hope you enjoyed this process. If you have any **__feedback__** for the HR team, type it now and I'll convey it. Otherwise, you can just type `ok` or `no` to finish up.
Message logged at 02/03/20 14:39:24 by User Vyryn#4618 in Guild: sample corp server in Channel registration: with Content: ok
Message logged at 02/03/20 14:39:25 by Bot David8#4665 in Guild: sample corp server in Channel registration: with Content: Okay! All done, enjoy your time here at Corp. Your randomly selected HR rep is `Vyryn`. If you have any questions I'm not able to answer, please do contact them. This is our new members guide, it may be of use to you. Read at your leisure. :smiley: with Attachment: New_Members_Guide_V2.1.pdf,https://cdn.discordapp.com/attachments/666816818131894293/673975852676939797/New_Members_Guide_V2.1.pdf
Message logged at 02/03/20 14:39:25 by Bot David8#4665 in Guild: sample corp server in Channel registration: with Content: When you're ready to join some divisions, type `^reqdiv division`
Message logged at 02/03/20 14:39:52 by User Vyryn#4618 in Guild: sample corp server in Channel registration: with Content: <@!104934438042910720> db up
WRN@02/03/20 14:40:41: A UnicodeEncodeError occurred trying to write a message log.
