Message logged at 01/26/20 20:26:32 by User Vyryn#4618 in Guild: V's Private Server in Channel cafe-bot: with Content: There's no better team
Message logged at 01/26/20 20:27:33 by User Vyryn#4618 in Guild: V's Private Server in Channel cafe-bot: with Content: Come with me the time is right
Message logged at 01/26/20 20:28:34 by User Vyryn#4618 in Guild: V's Private Server in Channel cafe-bot: with Content: I will battle every day
Message logged at 01/26/20 20:29:35 by User Vyryn#4618 in Guild: V's Private Server in Channel cafe-bot: with Content: I know it's my destiny
Message logged at 01/26/20 20:30:37 by User Vyryn#4618 in Guild: V's Private Server in Channel cafe-bot: with Content: To train them is my cause
Message logged at 01/26/20 20:31:38 by User Vyryn#4618 in Guild: V's Private Server in Channel cafe-bot: with Content: To claim my rightful place
Message logged at 01/26/20 20:32:39 by User Vyryn#4618 in Guild: V's Private Server in Channel cafe-bot: with Content: The power that's inside
Message logged at 01/26/20 20:33:39 by User Vyryn#4618 in Guild: V's Private Server in Channel cafe-bot: with Content: I will battle every day
Message logged at 01/26/20 20:34:40 by User Vyryn#4618 in Guild: V's Private Server in Channel cafe-bot: with Content: To train them is my cause
Message logged at 01/26/20 20:35:40 by User Vyryn#4618 in Guild: V's Private Server in Channel cafe-bot: with Content: Come with me the time is right
Message logged at 01/26/20 20:36:41 by User Vyryn#4618 in Guild: V's Private Server in Channel cafe-bot: with Content: I want to be the very best
Message logged at 01/26/20 20:37:42 by User Vyryn#4618 in Guild: V's Private Server in Channel cafe-bot: with Content: Come with me the time is right
Message logged at 01/26/20 20:38:43 by User Vyryn#4618 in Guild: V's Private Server in Channel cafe-bot: with Content: In a world we must defend
Message logged at 01/26/20 20:39:43 by User Vyryn#4618 in Guild: V's Private Server in Channel cafe-bot: with Content: Pok e mon
Message logged at 01/26/20 20:40:45 by User Vyryn#4618 in Guild: V's Private Server in Channel cafe-bot: with Content: It's you and me
Message logged at 01/26/20 20:41:46 by User Vyryn#4618 in Guild: V's Private Server in Channel cafe-bot: with Content: There's no better team
Message logged at 01/26/20 20:42:46 by User Vyryn#4618 in Guild: V's Private Server in Channel cafe-bot: with Content: There's no better team
Message logged at 01/26/20 20:43:47 by User Vyryn#4618 in Guild: V's Private Server in Channel cafe-bot: with Content: A heart so true
Message logged at 01/26/20 20:44:48 by User Vyryn#4618 in Guild: V's Private Server in Channel cafe-bot: with Content: To train them is my cause
Message logged at 01/26/20 20:45:48 by User Vyryn#4618 in Guild: V's Private Server in Channel cafe-bot: with Content: To train them is my cause
Message logged at 01/26/20 20:46:49 by User Vyryn#4618 in Guild: V's Private Server in Channel cafe-bot: with Content: Our courage will pull us through
Message logged at 01/26/20 20:47:50 by User Vyryn#4618 in Guild: V's Private Server in Channel cafe-bot: with Content: Every challenge along the way
Message logged at 01/26/20 20:48:51 by User Vyryn#4618 in Guild: V's Private Server in Channel cafe-bot: with Content: Gotta catch em' all
Message logged at 01/26/20 20:49:52 by User Vyryn#4618 in Guild: V's Private Server in Channel cafe-bot: with Content: A heart so true
Message logged at 01/26/20 20:50:53 by User Vyryn#4618 in Guild: V's Private Server in Channel cafe-bot: with Content: I will battle every day
Message logged at 01/26/20 20:51:53 by User Vyryn#4618 in Guild: V's Private Server in Channel cafe-bot: with Content: To catch them is my real test
Message logged at 01/26/20 20:52:54 by User Vyryn#4618 in Guild: V's Private Server in Channel cafe-bot: with Content: To train them is my cause
Message logged at 01/26/20 20:53:55 by User Vyryn#4618 in Guild: V's Private Server in Channel cafe-bot: with Content: Oh you're my best friend
Message logged at 01/26/20 20:54:56 by User Vyryn#4618 in Guild: V's Private Server in Channel cafe-bot: with Content: It's you and me
Message logged at 01/26/20 20:55:56 by User Vyryn#4618 in Guild: V's Private Server in Channel cafe-bot: with Content: To catch them is my real test
Message logged at 01/26/20 20:56:57 by User Vyryn#4618 in Guild: V's Private Server in Channel cafe-bot: with Content: To catch them is my real test
Message logged at 01/26/20 20:57:58 by User Vyryn#4618 in Guild: V's Private Server in Channel cafe-bot: with Content: A heart so true
Message logged at 01/26/20 20:58:58 by User Vyryn#4618 in Guild: V's Private Server in Channel cafe-bot: with Content: With courage I will face
Message logged at 01/26/20 20:59:59 by User Vyryn#4618 in Guild: V's Private Server in Channel cafe-bot: with Content: It's always been our dream
Message logged at 01/26/20 21:01:00 by User Vyryn#4618 in Guild: V's Private Server in Channel cafe-bot: with Content: It's you and me
Message logged at 01/26/20 21:02:01 by User Vyryn#4618 in Guild: V's Private Server in Channel cafe-bot: with Content: In a world we must defend
Message logged at 01/26/20 21:03:02 by User Vyryn#4618 in Guild: V's Private Server in Channel cafe-bot: with Content: Po - ke - mon
Message logged at 01/26/20 21:04:02 by User Vyryn#4618 in Guild: V's Private Server in Channel cafe-bot: with Content: I know it's my destiny
Message logged at 01/26/20 21:05:03 by User Vyryn#4618 in Guild: V's Private Server in Channel cafe-bot: with Content: Gotta catch em' all
Message logged at 01/26/20 21:06:04 by User Vyryn#4618 in Guild: V's Private Server in Channel cafe-bot: with Content: Pok e mon
Message logged at 01/26/20 21:07:05 by User Vyryn#4618 in Guild: V's Private Server in Channel cafe-bot: with Content: Pok e mon
Message logged at 01/26/20 21:08:06 by User Vyryn#4618 in Guild: V's Private Server in Channel cafe-bot: with Content: With courage I will face
Message logged at 01/26/20 21:09:06 by User Vyryn#4618 in Guild: V's Private Server in Channel cafe-bot: with Content: The power that's inside
Message logged at 01/26/20 21:10:08 by User Vyryn#4618 in Guild: V's Private Server in Channel cafe-bot: with Content: Arm in arm we'll win the fight
Message logged at 01/26/20 21:11:08 by User Vyryn#4618 in Guild: V's Private Server in Channel cafe-bot: with Content: I want to be the very best
Message logged at 01/26/20 21:12:09 by User Vyryn#4618 in Guild: V's Private Server in Channel cafe-bot: with Content: Searching far and wide.
Message logged at 01/26/20 21:13:10 by User Vyryn#4618 in Guild: V's Private Server in Channel cafe-bot: with Content: To claim my rightful place
Message logged at 01/26/20 21:14:11 by User Vyryn#4618 in Guild: V's Private Server in Channel cafe-bot: with Content: To train them is my cause
Message logged at 01/26/20 21:15:11 by User Vyryn#4618 in Guild: V's Private Server in Channel cafe-bot: with Content: Gotta catch em' all
Message logged at 01/26/20 21:16:11 by User Vyryn#4618 in Guild: V's Private Server in Channel cafe-bot: with Content: Our courage will pull us through
Message logged at 01/26/20 21:17:12 by User Vyryn#4618 in Guild: V's Private Server in Channel cafe-bot: with Content: Every challenge along the way
Message logged at 01/26/20 21:18:13 by User Vyryn#4618 in Guild: V's Private Server in Channel cafe-bot: with Content: I want to be the very best
Message logged at 01/26/20 21:19:13 by User Vyryn#4618 in Guild: V's Private Server in Channel cafe-bot: with Content: Gotta catch em' all
Message logged at 01/26/20 21:20:14 by User Vyryn#4618 in Guild: V's Private Server in Channel cafe-bot: with Content: The power that's inside
Message logged at 01/26/20 21:21:15 by User Vyryn#4618 in Guild: V's Private Server in Channel cafe-bot: with Content: To train them is my cause
Message logged at 01/26/20 21:22:16 by User Vyryn#4618 in Guild: V's Private Server in Channel cafe-bot: with Content: In a world we must defend
Message logged at 01/26/20 21:23:17 by User Vyryn#4618 in Guild: V's Private Server in Channel cafe-bot: with Content: Gotta catch em' all
Message logged at 01/26/20 21:24:17 by User Vyryn#4618 in Guild: V's Private Server in Channel cafe-bot: with Content: I will battle every day
Message logged at 01/26/20 21:25:18 by User Vyryn#4618 in Guild: V's Private Server in Channel cafe-bot: with Content: You teach me and I'll teach you
Message logged at 01/26/20 21:26:19 by User Vyryn#4618 in Guild: V's Private Server in Channel cafe-bot: with Content: It's you and me
Message logged at 01/26/20 21:27:20 by User Vyryn#4618 in Guild: V's Private Server in Channel cafe-bot: with Content: You teach me and I'll teach you
Message logged at 01/26/20 21:28:20 by User Vyryn#4618 in Guild: V's Private Server in Channel cafe-bot: with Content: Each Pokemon to understand
Message logged at 01/26/20 21:29:21 by User Vyryn#4618 in Guild: V's Private Server in Channel cafe-bot: with Content: Our courage will pull us through
Message logged at 01/26/20 21:30:21 by User Vyryn#4618 in Guild: V's Private Server in Channel cafe-bot: with Content: Each Pokemon to understand
Message logged at 01/26/20 21:31:22 by User Vyryn#4618 in Guild: V's Private Server in Channel cafe-bot: with Content: A heart so true
Message logged at 01/26/20 21:32:23 by User Vyryn#4618 in Guild: V's Private Server in Channel cafe-bot: with Content: Po - ke - mon
Message logged at 01/26/20 21:33:24 by User Vyryn#4618 in Guild: V's Private Server in Channel cafe-bot: with Content: I want to be the very best
Message logged at 01/26/20 21:34:24 by User Vyryn#4618 in Guild: V's Private Server in Channel cafe-bot: with Content: The power that's inside
Message logged at 01/26/20 21:35:25 by User Vyryn#4618 in Guild: V's Private Server in Channel cafe-bot: with Content: Every challenge along the way
Message logged at 01/26/20 21:36:25 by User Vyryn#4618 in Guild: V's Private Server in Channel cafe-bot: with Content: A heart so true
Message logged at 01/26/20 21:37:26 by User Vyryn#4618 in Guild: V's Private Server in Channel cafe-bot: with Content: To catch them is my real test
Message logged at 01/26/20 21:38:26 by User Vyryn#4618 in Guild: V's Private Server in Channel cafe-bot: with Content: It's always been our dream
Message logged at 01/26/20 21:39:27 by User Vyryn#4618 in Guild: V's Private Server in Channel cafe-bot: with Content: With courage I will face
Message logged at 01/26/20 21:40:29 by User Vyryn#4618 in Guild: V's Private Server in Channel cafe-bot: with Content: With courage I will face
Message logged at 01/26/20 21:41:29 by User Vyryn#4618 in Guild: V's Private Server in Channel cafe-bot: with Content: To claim my rightful place
Message logged at 01/26/20 21:42:30 by User Vyryn#4618 in Guild: V's Private Server in Channel cafe-bot: with Content: A heart so true
Message logged at 01/26/20 21:43:31 by User Vyryn#4618 in Guild: V's Private Server in Channel cafe-bot: with Content: I want to be the very best
Message logged at 01/26/20 21:44:32 by User Vyryn#4618 in Guild: V's Private Server in Channel cafe-bot: with Content: It's always been our dream
Message logged at 01/26/20 21:45:33 by User Vyryn#4618 in Guild: V's Private Server in Channel cafe-bot: with Content: I will travel across the land
Message logged at 01/26/20 21:46:33 by User Vyryn#4618 in Guild: V's Private Server in Channel cafe-bot: with Content: There's no better team
Message logged at 01/26/20 21:47:34 by User Vyryn#4618 in Guild: V's Private Server in Channel cafe-bot: with Content: Like no one ever was.
Message logged at 01/26/20 21:48:34 by User Vyryn#4618 in Guild: V's Private Server in Channel cafe-bot: with Content: With courage I will face
Message logged at 01/26/20 21:49:35 by User Vyryn#4618 in Guild: V's Private Server in Channel cafe-bot: with Content: Arm in arm we'll win the fight
Message logged at 01/26/20 21:50:36 by User Vyryn#4618 in Guild: V's Private Server in Channel cafe-bot: with Content: It's you and me
Message logged at 01/26/20 21:51:36 by User Vyryn#4618 in Guild: V's Private Server in Channel cafe-bot: with Content: Come with me the time is right
Message logged at 01/26/20 21:52:36 by User Vyryn#4618 in Guild: V's Private Server in Channel cafe-bot: with Content: To train them is my cause
Message logged at 01/26/20 21:53:37 by User Vyryn#4618 in Guild: V's Private Server in Channel cafe-bot: with Content: The power that's inside
Message logged at 01/26/20 21:54:38 by User Vyryn#4618 in Guild: V's Private Server in Channel cafe-bot: with Content: It's always been our dream
Message logged at 01/26/20 21:55:39 by User Vyryn#4618 in Guild: V's Private Server in Channel cafe-bot: with Content: Our courage will pull us through
Message logged at 01/26/20 21:56:39 by User Vyryn#4618 in Guild: V's Private Server in Channel cafe-bot: with Content: Po - ke - mon
Message logged at 01/26/20 21:57:40 by User Vyryn#4618 in Guild: V's Private Server in Channel cafe-bot: with Content: I know it's my destiny
Message logged at 01/26/20 21:58:40 by User Vyryn#4618 in Guild: V's Private Server in Channel cafe-bot: with Content: Searching far and wide.
Message logged at 01/26/20 21:59:41 by User Vyryn#4618 in Guild: V's Private Server in Channel cafe-bot: with Content: Pok e mon
Message logged at 01/26/20 22:00:41 by User Vyryn#4618 in Guild: V's Private Server in Channel cafe-bot: with Content: Each Pokemon to understand
Message logged at 01/26/20 22:01:41 by User Vyryn#4618 in Guild: V's Private Server in Channel cafe-bot: with Content: Oh you're my best friend
Message logged at 01/26/20 22:02:42 by User Vyryn#4618 in Guild: V's Private Server in Channel cafe-bot: with Content: I will battle every day
Message logged at 01/26/20 22:03:43 by User Vyryn#4618 in Guild: V's Private Server in Channel cafe-bot: with Content: Come with me the time is right
Message logged at 01/26/20 22:04:44 by User Vyryn#4618 in Guild: V's Private Server in Channel cafe-bot: with Content: It's you and me
Message logged at 01/26/20 22:05:45 by User Vyryn#4618 in Guild: V's Private Server in Channel cafe-bot: with Content: Every challenge along the way
Message logged at 01/26/20 22:06:45 by User Vyryn#4618 in Guild: V's Private Server in Channel cafe-bot: with Content: Pok e mon
Message logged at 01/26/20 22:07:45 by User Vyryn#4618 in Guild: V's Private Server in Channel cafe-bot: with Content: Po - ke - mon
Message logged at 01/26/20 22:08:46 by User Vyryn#4618 in Guild: V's Private Server in Channel cafe-bot: with Content: I know it's my destiny
Message logged at 01/26/20 22:09:47 by User Vyryn#4618 in Guild: V's Private Server in Channel cafe-bot: with Content: There's no better team
Message logged at 01/26/20 22:10:47 by User Vyryn#4618 in Guild: V's Private Server in Channel cafe-bot: with Content: Pok e mon
Message logged at 01/26/20 22:11:48 by User Vyryn#4618 in Guild: V's Private Server in Channel cafe-bot: with Content: Like no one ever was.
Message logged at 01/26/20 22:12:49 by User Vyryn#4618 in Guild: V's Private Server in Channel cafe-bot: with Content: The power that's inside
Message logged at 01/26/20 22:13:50 by User Vyryn#4618 in Guild: V's Private Server in Channel cafe-bot: with Content: A heart so true
Message logged at 01/26/20 22:14:51 by User Vyryn#4618 in Guild: V's Private Server in Channel cafe-bot: with Content: It's always been our dream
Message logged at 01/26/20 22:15:51 by User Vyryn#4618 in Guild: V's Private Server in Channel cafe-bot: with Content: There's no better team
Message logged at 01/26/20 22:16:52 by User Vyryn#4618 in Guild: V's Private Server in Channel cafe-bot: with Content: Po - ke - mon
Message logged at 01/26/20 22:17:52 by User Vyryn#4618 in Guild: V's Private Server in Channel cafe-bot: with Content: Gotta catch em' all
Message logged at 01/26/20 22:18:53 by User Vyryn#4618 in Guild: V's Private Server in Channel cafe-bot: with Content: Our courage will pull us through
Message logged at 01/26/20 22:19:55 by User Vyryn#4618 in Guild: V's Private Server in Channel cafe-bot: with Content: It's always been our dream
Message logged at 01/26/20 22:20:55 by User Vyryn#4618 in Guild: V's Private Server in Channel cafe-bot: with Content: Oh you're my best friend
Message logged at 01/26/20 22:21:55 by User Vyryn#4618 in Guild: V's Private Server in Channel cafe-bot: with Content: I will travel across the land
Message logged at 01/26/20 22:22:55 by User Vyryn#4618 in Guild: V's Private Server in Channel cafe-bot: with Content: Our courage will pull us through
Message logged at 01/26/20 22:23:56 by User Vyryn#4618 in Guild: V's Private Server in Channel cafe-bot: with Content: It's you and me
Message logged at 01/26/20 22:24:57 by User Vyryn#4618 in Guild: V's Private Server in Channel cafe-bot: with Content: I want to be the very best
Message logged at 01/26/20 22:25:57 by User Vyryn#4618 in Guild: V's Private Server in Channel cafe-bot: with Content: It's you and me
Message logged at 01/26/20 22:26:58 by User Vyryn#4618 in Guild: V's Private Server in Channel cafe-bot: with Content: With courage I will face
Message logged at 01/26/20 22:27:59 by User Vyryn#4618 in Guild: V's Private Server in Channel cafe-bot: with Content: Oh you're my best friend
Message logged at 01/26/20 22:28:59 by User Vyryn#4618 in Guild: V's Private Server in Channel cafe-bot: with Content: There's no better team
Message logged at 01/26/20 22:30:00 by User Vyryn#4618 in Guild: V's Private Server in Channel cafe-bot: with Content: Each Pokemon to understand
Message logged at 01/26/20 22:31:01 by User Vyryn#4618 in Guild: V's Private Server in Channel cafe-bot: with Content: To catch them is my real test
Message logged at 01/26/20 22:32:02 by User Vyryn#4618 in Guild: V's Private Server in Channel cafe-bot: with Content: To catch them is my real test
Message logged at 01/26/20 22:33:02 by User Vyryn#4618 in Guild: V's Private Server in Channel cafe-bot: with Content: To train them is my cause
Message logged at 01/26/20 22:34:03 by User Vyryn#4618 in Guild: V's Private Server in Channel cafe-bot: with Content: I know it's my destiny
Message logged at 01/26/20 22:35:04 by User Vyryn#4618 in Guild: V's Private Server in Channel cafe-bot: with Content: I will travel across the land
Message logged at 01/26/20 22:36:04 by User Vyryn#4618 in Guild: V's Private Server in Channel cafe-bot: with Content: I want to be the very best
Message logged at 01/26/20 22:37:05 by User Vyryn#4618 in Guild: V's Private Server in Channel cafe-bot: with Content: Every challenge along the way
Message logged at 01/26/20 22:38:05 by User Vyryn#4618 in Guild: V's Private Server in Channel cafe-bot: with Content: I will travel across the land
Message logged at 01/26/20 22:39:05 by User Vyryn#4618 in Guild: V's Private Server in Channel cafe-bot: with Content: Arm in arm we'll win the fight
Message logged at 01/26/20 22:40:06 by User Vyryn#4618 in Guild: V's Private Server in Channel cafe-bot: with Content: There's no better team
Message logged at 01/26/20 22:41:07 by User Vyryn#4618 in Guild: V's Private Server in Channel cafe-bot: with Content: Every challenge along the way
Message logged at 01/26/20 22:42:08 by User Vyryn#4618 in Guild: V's Private Server in Channel cafe-bot: with Content: Come with me the time is right
Message logged at 01/26/20 22:43:09 by User Vyryn#4618 in Guild: V's Private Server in Channel cafe-bot: with Content: The power that's inside
Message logged at 01/26/20 22:44:10 by User Vyryn#4618 in Guild: V's Private Server in Channel cafe-bot: with Content: You teach me and I'll teach you
Message logged at 01/26/20 22:45:10 by User Vyryn#4618 in Guild: V's Private Server in Channel cafe-bot: with Content: The power that's inside
Message logged at 01/26/20 22:46:11 by User Vyryn#4618 in Guild: V's Private Server in Channel cafe-bot: with Content: Every challenge along the way
Message logged at 01/26/20 22:47:12 by User Vyryn#4618 in Guild: V's Private Server in Channel cafe-bot: with Content: To catch them is my real test
Message logged at 01/26/20 22:48:13 by User Vyryn#4618 in Guild: V's Private Server in Channel cafe-bot: with Content: I will travel across the land
Message logged at 01/26/20 22:49:14 by User Vyryn#4618 in Guild: V's Private Server in Channel cafe-bot: with Content: To catch them is my real test
Message logged at 01/26/20 22:50:14 by User Vyryn#4618 in Guild: V's Private Server in Channel cafe-bot: with Content: I will battle every day
Message logged at 01/26/20 22:51:15 by User Vyryn#4618 in Guild: V's Private Server in Channel cafe-bot: with Content: It's you and me
Message logged at 01/26/20 22:52:15 by User Vyryn#4618 in Guild: V's Private Server in Channel cafe-bot: with Content: To catch them is my real test
Message logged at 01/26/20 22:53:16 by User Vyryn#4618 in Guild: V's Private Server in Channel cafe-bot: with Content: The power that's inside
Message logged at 01/26/20 22:54:17 by User Vyryn#4618 in Guild: V's Private Server in Channel cafe-bot: with Content: Gotta catch em' all
Message logged at 01/26/20 22:55:17 by User Vyryn#4618 in Guild: V's Private Server in Channel cafe-bot: with Content: Like no one ever was.
Message logged at 01/26/20 22:56:18 by User Vyryn#4618 in Guild: V's Private Server in Channel cafe-bot: with Content: To train them is my cause
Message logged at 01/26/20 22:57:19 by User Vyryn#4618 in Guild: V's Private Server in Channel cafe-bot: with Content: Our courage will pull us through
Message logged at 01/26/20 22:58:20 by User Vyryn#4618 in Guild: V's Private Server in Channel cafe-bot: with Content: It's you and me
Message logged at 01/26/20 22:59:21 by User Vyryn#4618 in Guild: V's Private Server in Channel cafe-bot: with Content: Gotta catch em' all
Message logged at 01/26/20 23:00:21 by User Vyryn#4618 in Guild: V's Private Server in Channel cafe-bot: with Content: A heart so true
Message logged at 01/26/20 23:01:23 by User Vyryn#4618 in Guild: V's Private Server in Channel cafe-bot: with Content: Like no one ever was.
Message logged at 01/26/20 23:02:23 by User Vyryn#4618 in Guild: V's Private Server in Channel cafe-bot: with Content: Arm in arm we'll win the fight
Message logged at 01/26/20 23:03:24 by User Vyryn#4618 in Guild: V's Private Server in Channel cafe-bot: with Content: Pok e mon
Message logged at 01/26/20 23:04:25 by User Vyryn#4618 in Guild: V's Private Server in Channel cafe-bot: with Content: Oh you're my best friend
Message logged at 01/26/20 23:05:25 by User Vyryn#4618 in Guild: V's Private Server in Channel cafe-bot: with Content: I want to be the very best
Message logged at 01/26/20 23:06:26 by User Vyryn#4618 in Guild: V's Private Server in Channel cafe-bot: with Content: Our courage will pull us through
Message logged at 01/26/20 23:07:27 by User Vyryn#4618 in Guild: V's Private Server in Channel cafe-bot: with Content: It's you and me
Message logged at 01/26/20 23:08:27 by User Vyryn#4618 in Guild: V's Private Server in Channel cafe-bot: with Content: In a world we must defend
Message logged at 01/26/20 23:09:28 by User Vyryn#4618 in Guild: V's Private Server in Channel cafe-bot: with Content: You teach me and I'll teach you
Message logged at 01/26/20 23:10:28 by User Vyryn#4618 in Guild: V's Private Server in Channel cafe-bot: with Content: Our courage will pull us through
Message logged at 01/26/20 23:11:29 by User Vyryn#4618 in Guild: V's Private Server in Channel cafe-bot: with Content: It's you and me
Message logged at 01/26/20 23:12:29 by User Vyryn#4618 in Guild: V's Private Server in Channel cafe-bot: with Content: Gotta catch em' all
Message logged at 01/26/20 23:13:30 by User Vyryn#4618 in Guild: V's Private Server in Channel cafe-bot: with Content: Oh you're my best friend
Message logged at 01/26/20 23:14:30 by User Vyryn#4618 in Guild: V's Private Server in Channel cafe-bot: with Content: I want to be the very best
Message logged at 01/26/20 23:15:31 by User Vyryn#4618 in Guild: V's Private Server in Channel cafe-bot: with Content: With courage I will face
Message logged at 01/26/20 23:16:31 by User Vyryn#4618 in Guild: V's Private Server in Channel cafe-bot: with Content: I know it's my destiny
Message logged at 01/26/20 23:17:32 by User Vyryn#4618 in Guild: V's Private Server in Channel cafe-bot: with Content: Our courage will pull us through
Message logged at 01/26/20 23:18:32 by User Vyryn#4618 in Guild: V's Private Server in Channel cafe-bot: with Content: Every challenge along the way
Message logged at 01/26/20 23:19:33 by User Vyryn#4618 in Guild: V's Private Server in Channel cafe-bot: with Content: Searching far and wide.
Message logged at 01/26/20 23:20:34 by User Vyryn#4618 in Guild: V's Private Server in Channel cafe-bot: with Content: You teach me and I'll teach you
Message logged at 01/26/20 23:21:35 by User Vyryn#4618 in Guild: V's Private Server in Channel cafe-bot: with Content: You teach me and I'll teach you
Message logged at 01/26/20 23:22:36 by User Vyryn#4618 in Guild: V's Private Server in Channel cafe-bot: with Content: Po - ke - mon
Message logged at 01/26/20 23:23:37 by User Vyryn#4618 in Guild: V's Private Server in Channel cafe-bot: with Content: Our courage will pull us through
Message logged at 01/26/20 23:24:38 by User Vyryn#4618 in Guild: V's Private Server in Channel cafe-bot: with Content: Arm in arm we'll win the fight
Message logged at 01/26/20 23:25:39 by User Vyryn#4618 in Guild: V's Private Server in Channel cafe-bot: with Content: The power that's inside
Message logged at 01/26/20 23:26:39 by User Vyryn#4618 in Guild: V's Private Server in Channel cafe-bot: with Content: Searching far and wide.
Message logged at 01/26/20 23:27:41 by User Vyryn#4618 in Guild: V's Private Server in Channel cafe-bot: with Content: Each Pokemon to understand
Message logged at 01/26/20 23:28:41 by User Vyryn#4618 in Guild: V's Private Server in Channel cafe-bot: with Content: Searching far and wide.
Message logged at 01/26/20 23:29:42 by User Vyryn#4618 in Guild: V's Private Server in Channel cafe-bot: with Content: Oh you're my best friend
Message logged at 01/26/20 23:30:43 by User Vyryn#4618 in Guild: V's Private Server in Channel cafe-bot: with Content: I will battle every day
Message logged at 01/26/20 23:31:44 by User Vyryn#4618 in Guild: V's Private Server in Channel cafe-bot: with Content: Searching far and wide.
Message logged at 01/26/20 23:32:45 by User Vyryn#4618 in Guild: V's Private Server in Channel cafe-bot: with Content: To catch them is my real test
Message logged at 01/26/20 23:33:46 by User Vyryn#4618 in Guild: V's Private Server in Channel cafe-bot: with Content: I want to be the very best
Message logged at 01/26/20 23:34:47 by User Vyryn#4618 in Guild: V's Private Server in Channel cafe-bot: with Content: Like no one ever was.
Message logged at 01/26/20 23:35:48 by User Vyryn#4618 in Guild: V's Private Server in Channel cafe-bot: with Content: Searching far and wide.
Message logged at 01/26/20 23:36:48 by User Vyryn#4618 in Guild: V's Private Server in Channel cafe-bot: with Content: Every challenge along the way
Message logged at 01/26/20 23:37:49 by User Vyryn#4618 in Guild: V's Private Server in Channel cafe-bot: with Content: To train them is my cause
Message logged at 01/26/20 23:38:49 by User Vyryn#4618 in Guild: V's Private Server in Channel cafe-bot: with Content: Gotta catch em' all
Message logged at 01/26/20 23:39:50 by User Vyryn#4618 in Guild: V's Private Server in Channel cafe-bot: with Content: There's no better team
Message logged at 01/26/20 23:40:51 by User Vyryn#4618 in Guild: V's Private Server in Channel cafe-bot: with Content: Searching far and wide.
Message logged at 01/26/20 23:41:52 by User Vyryn#4618 in Guild: V's Private Server in Channel cafe-bot: with Content: There's no better team
Message logged at 01/26/20 23:42:53 by User Vyryn#4618 in Guild: V's Private Server in Channel cafe-bot: with Content: There's no better team
Message logged at 01/26/20 23:43:53 by User Vyryn#4618 in Guild: V's Private Server in Channel cafe-bot: with Content: Come with me the time is right
Message logged at 01/26/20 23:44:54 by User Vyryn#4618 in Guild: V's Private Server in Channel cafe-bot: with Content: Our courage will pull us through
Message logged at 01/26/20 23:45:55 by User Vyryn#4618 in Guild: V's Private Server in Channel cafe-bot: with Content: Come with me the time is right
Message logged at 01/26/20 23:46:56 by User Vyryn#4618 in Guild: V's Private Server in Channel cafe-bot: with Content: To claim my rightful place
Message logged at 01/26/20 23:47:56 by User Vyryn#4618 in Guild: V's Private Server in Channel cafe-bot: with Content: Arm in arm we'll win the fight
Message logged at 01/26/20 23:48:57 by User Vyryn#4618 in Guild: V's Private Server in Channel cafe-bot: with Content: Come with me the time is right
Message logged at 01/26/20 23:49:58 by User Vyryn#4618 in Guild: V's Private Server in Channel cafe-bot: with Content: I know it's my destiny
Message logged at 01/26/20 23:50:58 by User Vyryn#4618 in Guild: V's Private Server in Channel cafe-bot: with Content: In a world we must defend
Message logged at 01/26/20 23:51:59 by User Vyryn#4618 in Guild: V's Private Server in Channel cafe-bot: with Content: Pok e mon
Message logged at 01/26/20 23:53:01 by User Vyryn#4618 in Guild: V's Private Server in Channel cafe-bot: with Content: There's no better team
Message logged at 01/26/20 23:54:01 by User Vyryn#4618 in Guild: V's Private Server in Channel cafe-bot: with Content: Every challenge along the way
Message logged at 01/26/20 23:55:02 by User Vyryn#4618 in Guild: V's Private Server in Channel cafe-bot: with Content: To catch them is my real test
Message logged at 01/26/20 23:56:03 by User Vyryn#4618 in Guild: V's Private Server in Channel cafe-bot: with Content: Gotta catch em' all
Message logged at 01/26/20 23:57:03 by User Vyryn#4618 in Guild: V's Private Server in Channel cafe-bot: with Content: Come with me the time is right
Message logged at 01/26/20 23:58:04 by User Vyryn#4618 in Guild: V's Private Server in Channel cafe-bot: with Content: To train them is my cause
Message logged at 01/26/20 23:59:04 by User Vyryn#4618 in Guild: V's Private Server in Channel cafe-bot: with Content: It's always been our dream
