Message logged at 01/30/20 20:15:02 by User Vyryn#4618 in Guild: V's Private Server in Channel cafe-bot: with Content: With courage I will face
Message logged at 01/30/20 20:16:03 by User Vyryn#4618 in Guild: V's Private Server in Channel cafe-bot: with Content: I will battle every day
Message logged at 01/30/20 20:17:04 by User Vyryn#4618 in Guild: V's Private Server in Channel cafe-bot: with Content: Oh you're my best friend
Message logged at 01/30/20 20:18:05 by User Vyryn#4618 in Guild: V's Private Server in Channel cafe-bot: with Content: I want to be the very best
Message logged at 01/30/20 20:19:06 by User Vyryn#4618 in Guild: V's Private Server in Channel cafe-bot: with Content: To claim my rightful place
Message logged at 01/30/20 20:20:06 by User Vyryn#4618 in Guild: V's Private Server in Channel cafe-bot: with Content: Each Pokemon to understand
Message logged at 01/30/20 20:21:08 by User Vyryn#4618 in Guild: V's Private Server in Channel cafe-bot: with Content: Oh you're my best friend
Message logged at 01/30/20 20:21:08 by Bot Cafe#6498 in Guild: V's Private Server in Channel cafe-bot: with Content: <:treasure:638508550305349643> **Sweet! Vyryn#4618,** you found a `sweet` crate!\n<:confetti:638818395634008084> **Contents:** An assortment of items!\n		<:idea:638129934564589582> **Check it out** in .crates!
Message logged at 01/30/20 20:22:08 by User Vyryn#4618 in Guild: V's Private Server in Channel cafe-bot: with Content: Searching far and wide.
Message logged at 01/30/20 20:23:09 by User Vyryn#4618 in Guild: V's Private Server in Channel cafe-bot: with Content: To train them is my cause
Message logged at 01/30/20 20:24:10 by User Vyryn#4618 in Guild: V's Private Server in Channel cafe-bot: with Content: I want to be the very best
Message logged at 01/30/20 20:25:11 by User Vyryn#4618 in Guild: V's Private Server in Channel cafe-bot: with Content: To catch them is my real test
Message logged at 01/30/20 20:26:11 by User Vyryn#4618 in Guild: V's Private Server in Channel cafe-bot: with Content: Come with me the time is right
Message logged at 01/30/20 20:27:11 by User Vyryn#4618 in Guild: V's Private Server in Channel cafe-bot: with Content: Searching far and wide.
Message logged at 01/30/20 20:28:13 by User Vyryn#4618 in Guild: V's Private Server in Channel cafe-bot: with Content: Come with me the time is right
Message logged at 01/30/20 20:29:13 by User Vyryn#4618 in Guild: V's Private Server in Channel cafe-bot: with Content: The power that's inside
Message logged at 01/30/20 20:30:14 by User Vyryn#4618 in Guild: V's Private Server in Channel cafe-bot: with Content: It's always been our dream
Message logged at 01/30/20 20:31:15 by User Vyryn#4618 in Guild: V's Private Server in Channel cafe-bot: with Content: Each Pokemon to understand
Message logged at 01/30/20 20:32:17 by User Vyryn#4618 in Guild: V's Private Server in Channel cafe-bot: with Content: The power that's inside
Message logged at 01/30/20 20:33:18 by User Vyryn#4618 in Guild: V's Private Server in Channel cafe-bot: with Content: The power that's inside
Message logged at 01/30/20 20:34:19 by User Vyryn#4618 in Guild: V's Private Server in Channel cafe-bot: with Content: Every challenge along the way
Message logged at 01/30/20 20:34:19 by Bot Cafe#6498 in Guild: V's Private Server in Channel cafe-bot: with Content: <:treasure:638508550305349643> **Sweet! Vyryn#4618,** you found a `sweet` crate!\n<:confetti:638818395634008084> **Contents:** An assortment of items!\n		<:idea:638129934564589582> **Check it out** in .crates!
Message logged at 01/30/20 20:35:19 by User Vyryn#4618 in Guild: V's Private Server in Channel cafe-bot: with Content: The power that's inside
Message logged at 01/30/20 20:36:20 by User Vyryn#4618 in Guild: V's Private Server in Channel cafe-bot: with Content: To train them is my cause
Message logged at 01/30/20 20:37:21 by User Vyryn#4618 in Guild: V's Private Server in Channel cafe-bot: with Content: Pok e mon
Message logged at 01/30/20 20:38:22 by User Vyryn#4618 in Guild: V's Private Server in Channel cafe-bot: with Content: It's always been our dream
Message logged at 01/30/20 20:39:23 by User Vyryn#4618 in Guild: V's Private Server in Channel cafe-bot: with Content: With courage I will face
Message logged at 01/30/20 20:40:23 by User Vyryn#4618 in Guild: V's Private Server in Channel cafe-bot: with Content: I know it's my destiny
Message logged at 01/30/20 20:41:24 by User Vyryn#4618 in Guild: V's Private Server in Channel cafe-bot: with Content: I want to be the very best
Message logged at 01/30/20 20:42:25 by User Vyryn#4618 in Guild: V's Private Server in Channel cafe-bot: with Content: Come with me the time is right
Message logged at 01/30/20 20:43:25 by User Vyryn#4618 in Guild: V's Private Server in Channel cafe-bot: with Content: To claim my rightful place
Message logged at 01/30/20 20:44:26 by User Vyryn#4618 in Guild: V's Private Server in Channel cafe-bot: with Content: With courage I will face
Message logged at 01/30/20 20:45:26 by User Vyryn#4618 in Guild: V's Private Server in Channel cafe-bot: with Content: Po - ke - mon
Message logged at 01/30/20 20:46:27 by User Vyryn#4618 in Guild: V's Private Server in Channel cafe-bot: with Content: It's you and me
Message logged at 01/30/20 20:47:28 by User Vyryn#4618 in Guild: V's Private Server in Channel cafe-bot: with Content: There's no better team
Message logged at 01/30/20 20:48:28 by User Vyryn#4618 in Guild: V's Private Server in Channel cafe-bot: with Content: Searching far and wide.
Message logged at 01/30/20 20:49:29 by User Vyryn#4618 in Guild: V's Private Server in Channel cafe-bot: with Content: To catch them is my real test
Message logged at 01/30/20 20:50:30 by User Vyryn#4618 in Guild: V's Private Server in Channel cafe-bot: with Content: Every challenge along the way
Message logged at 01/30/20 20:51:30 by User Vyryn#4618 in Guild: V's Private Server in Channel cafe-bot: with Content: I will battle every day
Message logged at 01/30/20 20:52:30 by User Vyryn#4618 in Guild: V's Private Server in Channel cafe-bot: with Content: With courage I will face
Message logged at 01/30/20 20:53:31 by User Vyryn#4618 in Guild: V's Private Server in Channel cafe-bot: with Content: Po - ke - mon
Message logged at 01/30/20 20:54:31 by User Vyryn#4618 in Guild: V's Private Server in Channel cafe-bot: with Content: To train them is my cause
Message logged at 01/30/20 20:55:32 by User Vyryn#4618 in Guild: V's Private Server in Channel cafe-bot: with Content: Arm in arm we'll win the fight
Message logged at 01/30/20 20:56:33 by User Vyryn#4618 in Guild: V's Private Server in Channel cafe-bot: with Content: Our courage will pull us through
Message logged at 01/30/20 20:57:34 by User Vyryn#4618 in Guild: V's Private Server in Channel cafe-bot: with Content: It's you and me
Message logged at 01/30/20 20:58:35 by User Vyryn#4618 in Guild: V's Private Server in Channel cafe-bot: with Content: It's always been our dream
Message logged at 01/30/20 20:59:35 by User Vyryn#4618 in Guild: V's Private Server in Channel cafe-bot: with Content: Oh you're my best friend
Message logged at 01/30/20 21:00:36 by User Vyryn#4618 in Guild: V's Private Server in Channel cafe-bot: with Content: To claim my rightful place
Message logged at 01/30/20 21:01:37 by User Vyryn#4618 in Guild: V's Private Server in Channel cafe-bot: with Content: To catch them is my real test
Message logged at 01/30/20 21:02:37 by User Vyryn#4618 in Guild: V's Private Server in Channel cafe-bot: with Content: In a world we must defend
Message logged at 01/30/20 21:03:38 by User Vyryn#4618 in Guild: V's Private Server in Channel cafe-bot: with Content: Gotta catch em' all
Message logged at 01/30/20 21:04:39 by User Vyryn#4618 in Guild: V's Private Server in Channel cafe-bot: with Content: You teach me and I'll teach you
Message logged at 01/30/20 21:05:40 by User Vyryn#4618 in Guild: V's Private Server in Channel cafe-bot: with Content: To catch them is my real test
Message logged at 01/30/20 21:06:40 by User Vyryn#4618 in Guild: V's Private Server in Channel cafe-bot: with Content: In a world we must defend
Message logged at 01/30/20 21:07:41 by User Vyryn#4618 in Guild: V's Private Server in Channel cafe-bot: with Content: Gotta catch em' all
Message logged at 01/30/20 21:08:41 by User Vyryn#4618 in Guild: V's Private Server in Channel cafe-bot: with Content: To claim my rightful place
Message logged at 01/30/20 21:09:42 by User Vyryn#4618 in Guild: V's Private Server in Channel cafe-bot: with Content: You teach me and I'll teach you
Message logged at 01/30/20 21:10:43 by User Vyryn#4618 in Guild: V's Private Server in Channel cafe-bot: with Content: Each Pokemon to understand
Message logged at 01/30/20 21:11:44 by User Vyryn#4618 in Guild: V's Private Server in Channel cafe-bot: with Content: Our courage will pull us through
Message logged at 01/30/20 21:12:45 by User Vyryn#4618 in Guild: V's Private Server in Channel cafe-bot: with Content: Po - ke - mon
Message logged at 01/30/20 21:13:46 by User Vyryn#4618 in Guild: V's Private Server in Channel cafe-bot: with Content: To catch them is my real test
Message logged at 01/30/20 21:14:46 by User Vyryn#4618 in Guild: V's Private Server in Channel cafe-bot: with Content: Our courage will pull us through
Message logged at 01/30/20 21:15:47 by User Vyryn#4618 in Guild: V's Private Server in Channel cafe-bot: with Content: You teach me and I'll teach you
Message logged at 01/30/20 21:16:49 by User Vyryn#4618 in Guild: V's Private Server in Channel cafe-bot: with Content: To claim my rightful place
Message logged at 01/30/20 21:17:49 by User Vyryn#4618 in Guild: V's Private Server in Channel cafe-bot: with Content: Each Pokemon to understand
Message logged at 01/30/20 21:18:50 by User Vyryn#4618 in Guild: V's Private Server in Channel cafe-bot: with Content: Searching far and wide.
Message logged at 01/30/20 21:19:51 by User Vyryn#4618 in Guild: V's Private Server in Channel cafe-bot: with Content: It's you and me
Message logged at 01/30/20 21:20:51 by User Vyryn#4618 in Guild: V's Private Server in Channel cafe-bot: with Content: To catch them is my real test
Message logged at 01/30/20 21:21:52 by User Vyryn#4618 in Guild: V's Private Server in Channel cafe-bot: with Content: I will travel across the land
Message logged at 01/30/20 21:22:53 by User Vyryn#4618 in Guild: V's Private Server in Channel cafe-bot: with Content: A heart so true
Message logged at 01/30/20 21:23:53 by User Vyryn#4618 in Guild: V's Private Server in Channel cafe-bot: with Content: In a world we must defend
Message logged at 01/30/20 21:24:54 by User Vyryn#4618 in Guild: V's Private Server in Channel cafe-bot: with Content: I will battle every day
Message logged at 01/30/20 21:25:55 by User Vyryn#4618 in Guild: V's Private Server in Channel cafe-bot: with Content: With courage I will face
Message logged at 01/30/20 21:26:55 by User Vyryn#4618 in Guild: V's Private Server in Channel cafe-bot: with Content: It's always been our dream
Message logged at 01/30/20 21:27:56 by User Vyryn#4618 in Guild: V's Private Server in Channel cafe-bot: with Content: Searching far and wide.
Message logged at 01/30/20 21:28:57 by User Vyryn#4618 in Guild: V's Private Server in Channel cafe-bot: with Content: It's always been our dream
Message logged at 01/30/20 21:29:57 by User Vyryn#4618 in Guild: V's Private Server in Channel cafe-bot: with Content: A heart so true
Message logged at 01/30/20 21:30:59 by User Vyryn#4618 in Guild: V's Private Server in Channel cafe-bot: with Content: Po - ke - mon
Message logged at 01/30/20 21:31:59 by User Vyryn#4618 in Guild: V's Private Server in Channel cafe-bot: with Content: The power that's inside
Message logged at 01/30/20 21:33:01 by User Vyryn#4618 in Guild: V's Private Server in Channel cafe-bot: with Content: To train them is my cause
Message logged at 01/30/20 21:34:02 by User Vyryn#4618 in Guild: V's Private Server in Channel cafe-bot: with Content: With courage I will face
Message logged at 01/30/20 21:35:02 by User Vyryn#4618 in Guild: V's Private Server in Channel cafe-bot: with Content: You teach me and I'll teach you
Message logged at 01/30/20 21:36:03 by User Vyryn#4618 in Guild: V's Private Server in Channel cafe-bot: with Content: I will battle every day
Message logged at 01/30/20 21:37:04 by User Vyryn#4618 in Guild: V's Private Server in Channel cafe-bot: with Content: I want to be the very best
Message logged at 01/30/20 21:38:05 by User Vyryn#4618 in Guild: V's Private Server in Channel cafe-bot: with Content: Our courage will pull us through
Message logged at 01/30/20 21:39:06 by User Vyryn#4618 in Guild: V's Private Server in Channel cafe-bot: with Content: To catch them is my real test
Message logged at 01/30/20 21:40:07 by User Vyryn#4618 in Guild: V's Private Server in Channel cafe-bot: with Content: Our courage will pull us through
Message logged at 01/30/20 21:41:09 by User Vyryn#4618 in Guild: V's Private Server in Channel cafe-bot: with Content: I will battle every day
Message logged at 01/30/20 21:42:09 by User Vyryn#4618 in Guild: V's Private Server in Channel cafe-bot: with Content: I want to be the very best
Message logged at 01/30/20 21:43:10 by User Vyryn#4618 in Guild: V's Private Server in Channel cafe-bot: with Content: Every challenge along the way
Message logged at 01/30/20 21:44:10 by User Vyryn#4618 in Guild: V's Private Server in Channel cafe-bot: with Content: There's no better team
Message logged at 01/30/20 21:45:11 by User Vyryn#4618 in Guild: V's Private Server in Channel cafe-bot: with Content: You teach me and I'll teach you
Message logged at 01/30/20 21:46:11 by User Vyryn#4618 in Guild: V's Private Server in Channel cafe-bot: with Content: It's you and me
Message logged at 01/30/20 21:47:12 by User Vyryn#4618 in Guild: V's Private Server in Channel cafe-bot: with Content: Po - ke - mon
Message logged at 01/30/20 21:48:13 by User Vyryn#4618 in Guild: V's Private Server in Channel cafe-bot: with Content: The power that's inside
Message logged at 01/30/20 21:49:14 by User Vyryn#4618 in Guild: V's Private Server in Channel cafe-bot: with Content: Po - ke - mon
Message logged at 01/30/20 21:50:16 by User Vyryn#4618 in Guild: V's Private Server in Channel cafe-bot: with Content: It's always been our dream
Message logged at 01/30/20 21:51:17 by User Vyryn#4618 in Guild: V's Private Server in Channel cafe-bot: with Content: To catch them is my real test
Message logged at 01/30/20 21:52:18 by User Vyryn#4618 in Guild: V's Private Server in Channel cafe-bot: with Content: Come with me the time is right
Message logged at 01/30/20 21:53:18 by User Vyryn#4618 in Guild: V's Private Server in Channel cafe-bot: with Content: I want to be the very best
Message logged at 01/30/20 21:54:19 by User Vyryn#4618 in Guild: V's Private Server in Channel cafe-bot: with Content: In a world we must defend
Message logged at 01/30/20 21:55:19 by User Vyryn#4618 in Guild: V's Private Server in Channel cafe-bot: with Content: Oh you're my best friend
Message logged at 01/30/20 21:56:20 by User Vyryn#4618 in Guild: V's Private Server in Channel cafe-bot: with Content: I want to be the very best
Message logged at 01/30/20 21:57:21 by User Vyryn#4618 in Guild: V's Private Server in Channel cafe-bot: with Content: I want to be the very best
Message logged at 01/30/20 21:58:22 by User Vyryn#4618 in Guild: V's Private Server in Channel cafe-bot: with Content: I want to be the very best
Message logged at 01/30/20 21:59:24 by User Vyryn#4618 in Guild: V's Private Server in Channel cafe-bot: with Content: Come with me the time is right
Message logged at 01/30/20 22:00:24 by User Vyryn#4618 in Guild: V's Private Server in Channel cafe-bot: with Content: To claim my rightful place
Message logged at 01/30/20 22:01:25 by User Vyryn#4618 in Guild: V's Private Server in Channel cafe-bot: with Content: Oh you're my best friend
Message logged at 01/30/20 22:02:26 by User Vyryn#4618 in Guild: V's Private Server in Channel cafe-bot: with Content: You teach me and I'll teach you
Message logged at 01/30/20 22:03:27 by User Vyryn#4618 in Guild: V's Private Server in Channel cafe-bot: with Content: It's you and me
Message logged at 01/30/20 22:04:28 by User Vyryn#4618 in Guild: V's Private Server in Channel cafe-bot: with Content: There's no better team
Message logged at 01/30/20 22:05:29 by User Vyryn#4618 in Guild: V's Private Server in Channel cafe-bot: with Content: Arm in arm we'll win the fight
Message logged at 01/30/20 22:06:30 by User Vyryn#4618 in Guild: V's Private Server in Channel cafe-bot: with Content: With courage I will face
Message logged at 01/30/20 22:07:31 by User Vyryn#4618 in Guild: V's Private Server in Channel cafe-bot: with Content: Pok e mon
Message logged at 01/30/20 22:08:32 by User Vyryn#4618 in Guild: V's Private Server in Channel cafe-bot: with Content: To catch them is my real test
Message logged at 01/30/20 22:09:33 by User Vyryn#4618 in Guild: V's Private Server in Channel cafe-bot: with Content: To claim my rightful place
Message logged at 01/30/20 22:10:33 by User Vyryn#4618 in Guild: V's Private Server in Channel cafe-bot: with Content: I will travel across the land
Message logged at 01/30/20 22:11:34 by User Vyryn#4618 in Guild: V's Private Server in Channel cafe-bot: with Content: Every challenge along the way
Message logged at 01/30/20 22:12:34 by User Vyryn#4618 in Guild: V's Private Server in Channel cafe-bot: with Content: A heart so true
Message logged at 01/30/20 22:13:35 by User Vyryn#4618 in Guild: V's Private Server in Channel cafe-bot: with Content: A heart so true
Message logged at 01/30/20 22:14:36 by User Vyryn#4618 in Guild: V's Private Server in Channel cafe-bot: with Content: Come with me the time is right
Message logged at 01/30/20 22:15:37 by User Vyryn#4618 in Guild: V's Private Server in Channel cafe-bot: with Content: Gotta catch em' all
Message logged at 01/30/20 22:16:37 by User Vyryn#4618 in Guild: V's Private Server in Channel cafe-bot: with Content: With courage I will face
Message logged at 01/30/20 22:17:38 by User Vyryn#4618 in Guild: V's Private Server in Channel cafe-bot: with Content: I know it's my destiny
Message logged at 01/30/20 22:18:38 by User Vyryn#4618 in Guild: V's Private Server in Channel cafe-bot: with Content: It's always been our dream
Message logged at 01/30/20 22:19:39 by User Vyryn#4618 in Guild: V's Private Server in Channel cafe-bot: with Content: It's you and me
Message logged at 01/30/20 22:20:40 by User Vyryn#4618 in Guild: V's Private Server in Channel cafe-bot: with Content: You teach me and I'll teach you
Message logged at 01/30/20 22:21:41 by User Vyryn#4618 in Guild: V's Private Server in Channel cafe-bot: with Content: To catch them is my real test
Message logged at 01/30/20 22:22:41 by User Vyryn#4618 in Guild: V's Private Server in Channel cafe-bot: with Content: The power that's inside
Message logged at 01/30/20 22:23:42 by User Vyryn#4618 in Guild: V's Private Server in Channel cafe-bot: with Content: I will travel across the land
Message logged at 01/30/20 22:24:42 by User Vyryn#4618 in Guild: V's Private Server in Channel cafe-bot: with Content: Come with me the time is right
Message logged at 01/30/20 22:25:43 by User Vyryn#4618 in Guild: V's Private Server in Channel cafe-bot: with Content: Pok e mon
Message logged at 01/30/20 22:26:44 by User Vyryn#4618 in Guild: V's Private Server in Channel cafe-bot: with Content: A heart so true
Message logged at 01/30/20 22:27:44 by User Vyryn#4618 in Guild: V's Private Server in Channel cafe-bot: with Content: Oh you're my best friend
Message logged at 01/30/20 22:28:45 by User Vyryn#4618 in Guild: V's Private Server in Channel cafe-bot: with Content: Every challenge along the way
Message logged at 01/30/20 22:29:45 by User Vyryn#4618 in Guild: V's Private Server in Channel cafe-bot: with Content: Pok e mon
Message logged at 01/30/20 22:30:46 by User Vyryn#4618 in Guild: V's Private Server in Channel cafe-bot: with Content: In a world we must defend
Message logged at 01/30/20 22:31:47 by User Vyryn#4618 in Guild: V's Private Server in Channel cafe-bot: with Content: A heart so true
Message logged at 01/30/20 22:32:47 by User Vyryn#4618 in Guild: V's Private Server in Channel cafe-bot: with Content: Pok e mon
Message logged at 01/30/20 22:33:47 by User Vyryn#4618 in Guild: V's Private Server in Channel cafe-bot: with Content: There's no better team
Message logged at 01/30/20 22:34:48 by User Vyryn#4618 in Guild: V's Private Server in Channel cafe-bot: with Content: There's no better team
Message logged at 01/30/20 22:35:48 by User Vyryn#4618 in Guild: V's Private Server in Channel cafe-bot: with Content: Pok e mon
Message logged at 01/30/20 22:36:49 by User Vyryn#4618 in Guild: V's Private Server in Channel cafe-bot: with Content: Each Pokemon to understand
Message logged at 01/30/20 22:37:49 by User Vyryn#4618 in Guild: V's Private Server in Channel cafe-bot: with Content: Every challenge along the way
Message logged at 01/30/20 22:38:50 by User Vyryn#4618 in Guild: V's Private Server in Channel cafe-bot: with Content: To claim my rightful place
Message logged at 01/30/20 22:39:51 by User Vyryn#4618 in Guild: V's Private Server in Channel cafe-bot: with Content: I want to be the very best
Message logged at 01/30/20 22:40:51 by User Vyryn#4618 in Guild: V's Private Server in Channel cafe-bot: with Content: I know it's my destiny
Message logged at 01/30/20 22:41:52 by User Vyryn#4618 in Guild: V's Private Server in Channel cafe-bot: with Content: Come with me the time is right
Message logged at 01/30/20 22:42:53 by User Vyryn#4618 in Guild: V's Private Server in Channel cafe-bot: with Content: Every challenge along the way
Message logged at 01/30/20 22:43:54 by User Vyryn#4618 in Guild: V's Private Server in Channel cafe-bot: with Content: To catch them is my real test
Message logged at 01/30/20 22:44:55 by User Vyryn#4618 in Guild: V's Private Server in Channel cafe-bot: with Content: Searching far and wide.
Message logged at 01/30/20 22:45:56 by User Vyryn#4618 in Guild: V's Private Server in Channel cafe-bot: with Content: Po - ke - mon
Message logged at 01/30/20 22:46:56 by User Vyryn#4618 in Guild: V's Private Server in Channel cafe-bot: with Content: Arm in arm we'll win the fight
Message logged at 01/30/20 22:47:57 by User Vyryn#4618 in Guild: V's Private Server in Channel cafe-bot: with Content: A heart so true
Message logged at 01/30/20 22:48:58 by User Vyryn#4618 in Guild: V's Private Server in Channel cafe-bot: with Content: Arm in arm we'll win the fight
Message logged at 01/30/20 22:49:59 by User Vyryn#4618 in Guild: V's Private Server in Channel cafe-bot: with Content: A heart so true
Message logged at 01/30/20 22:51:00 by User Vyryn#4618 in Guild: V's Private Server in Channel cafe-bot: with Content: It's you and me
Message logged at 01/30/20 22:52:01 by User Vyryn#4618 in Guild: V's Private Server in Channel cafe-bot: with Content: I know it's my destiny
Message logged at 01/30/20 22:53:01 by User Vyryn#4618 in Guild: V's Private Server in Channel cafe-bot: with Content: Our courage will pull us through
Message logged at 01/30/20 22:54:02 by User Vyryn#4618 in Guild: V's Private Server in Channel cafe-bot: with Content: To train them is my cause
Message logged at 01/30/20 22:55:02 by User Vyryn#4618 in Guild: V's Private Server in Channel cafe-bot: with Content: Every challenge along the way
Message logged at 01/30/20 22:56:03 by User Vyryn#4618 in Guild: V's Private Server in Channel cafe-bot: with Content: It's always been our dream
Message logged at 01/30/20 22:57:03 by User Vyryn#4618 in Guild: V's Private Server in Channel cafe-bot: with Content: I want to be the very best
Message logged at 01/30/20 22:58:04 by User Vyryn#4618 in Guild: V's Private Server in Channel cafe-bot: with Content: Gotta catch em' all
Message logged at 01/30/20 22:59:05 by User Vyryn#4618 in Guild: V's Private Server in Channel cafe-bot: with Content: Po - ke - mon
Message logged at 01/30/20 23:00:05 by User Vyryn#4618 in Guild: V's Private Server in Channel cafe-bot: with Content: I know it's my destiny
Message logged at 01/30/20 23:01:06 by User Vyryn#4618 in Guild: V's Private Server in Channel cafe-bot: with Content: Searching far and wide.
Message logged at 01/30/20 23:02:07 by User Vyryn#4618 in Guild: V's Private Server in Channel cafe-bot: with Content: Pok e mon
Message logged at 01/30/20 23:03:07 by User Vyryn#4618 in Guild: V's Private Server in Channel cafe-bot: with Content: In a world we must defend
Message logged at 01/30/20 23:04:08 by User Vyryn#4618 in Guild: V's Private Server in Channel cafe-bot: with Content: The power that's inside
Message logged at 01/30/20 23:05:08 by User Vyryn#4618 in Guild: V's Private Server in Channel cafe-bot: with Content: To claim my rightful place
Message logged at 01/30/20 23:06:09 by User Vyryn#4618 in Guild: V's Private Server in Channel cafe-bot: with Content: There's no better team
Message logged at 01/30/20 23:07:10 by User Vyryn#4618 in Guild: V's Private Server in Channel cafe-bot: with Content: Come with me the time is right
Message logged at 01/30/20 23:08:11 by User Vyryn#4618 in Guild: V's Private Server in Channel cafe-bot: with Content: To catch them is my real test
Message logged at 01/30/20 23:09:12 by User Vyryn#4618 in Guild: V's Private Server in Channel cafe-bot: with Content: I want to be the very best
Message logged at 01/30/20 23:10:12 by User Vyryn#4618 in Guild: V's Private Server in Channel cafe-bot: with Content: Each Pokemon to understand
Message logged at 01/30/20 23:11:13 by User Vyryn#4618 in Guild: V's Private Server in Channel cafe-bot: with Content: A heart so true
Message logged at 01/30/20 23:12:14 by User Vyryn#4618 in Guild: V's Private Server in Channel cafe-bot: with Content: Come with me the time is right
Message logged at 01/30/20 23:13:15 by User Vyryn#4618 in Guild: V's Private Server in Channel cafe-bot: with Content: Oh you're my best friend
Message logged at 01/30/20 23:14:16 by User Vyryn#4618 in Guild: V's Private Server in Channel cafe-bot: with Content: The power that's inside
Message logged at 01/30/20 23:15:17 by User Vyryn#4618 in Guild: V's Private Server in Channel cafe-bot: with Content: Searching far and wide.
Message logged at 01/30/20 23:16:17 by User Vyryn#4618 in Guild: V's Private Server in Channel cafe-bot: with Content: There's no better team
Message logged at 01/30/20 23:17:18 by User Vyryn#4618 in Guild: V's Private Server in Channel cafe-bot: with Content: With courage I will face
Message logged at 01/30/20 23:18:19 by User Vyryn#4618 in Guild: V's Private Server in Channel cafe-bot: with Content: I will travel across the land
Message logged at 01/30/20 23:19:21 by User Vyryn#4618 in Guild: V's Private Server in Channel cafe-bot: with Content: You teach me and I'll teach you
Message logged at 01/30/20 23:20:22 by User Vyryn#4618 in Guild: V's Private Server in Channel cafe-bot: with Content: Po - ke - mon
Message logged at 01/30/20 23:21:23 by User Vyryn#4618 in Guild: V's Private Server in Channel cafe-bot: with Content: To claim my rightful place
Message logged at 01/30/20 23:22:24 by User Vyryn#4618 in Guild: V's Private Server in Channel cafe-bot: with Content: Every challenge along the way
Message logged at 01/30/20 23:23:25 by User Vyryn#4618 in Guild: V's Private Server in Channel cafe-bot: with Content: In a world we must defend
Message logged at 01/30/20 23:24:26 by User Vyryn#4618 in Guild: V's Private Server in Channel cafe-bot: with Content: Every challenge along the way
Message logged at 01/30/20 23:25:26 by User Vyryn#4618 in Guild: V's Private Server in Channel cafe-bot: with Content: Arm in arm we'll win the fight
Message logged at 01/30/20 23:26:27 by User Vyryn#4618 in Guild: V's Private Server in Channel cafe-bot: with Content: You teach me and I'll teach you
Message logged at 01/30/20 23:27:28 by User Vyryn#4618 in Guild: V's Private Server in Channel cafe-bot: with Content: Pok e mon
Message logged at 01/30/20 23:28:28 by User Vyryn#4618 in Guild: V's Private Server in Channel cafe-bot: with Content: The power that's inside
Message logged at 01/30/20 23:29:28 by User Vyryn#4618 in Guild: V's Private Server in Channel cafe-bot: with Content: I know it's my destiny
Message logged at 01/30/20 23:30:29 by User Vyryn#4618 in Guild: V's Private Server in Channel cafe-bot: with Content: Oh you're my best friend
Message logged at 01/30/20 23:31:30 by User Vyryn#4618 in Guild: V's Private Server in Channel cafe-bot: with Content: Like no one ever was.
Message logged at 01/30/20 23:32:31 by User Vyryn#4618 in Guild: V's Private Server in Channel cafe-bot: with Content: Arm in arm we'll win the fight
Message logged at 01/30/20 23:33:31 by User Vyryn#4618 in Guild: V's Private Server in Channel cafe-bot: with Content: In a world we must defend
Message logged at 01/30/20 23:34:32 by User Vyryn#4618 in Guild: V's Private Server in Channel cafe-bot: with Content: Our courage will pull us through
Message logged at 01/30/20 23:35:33 by User Vyryn#4618 in Guild: V's Private Server in Channel cafe-bot: with Content: I want to be the very best
Message logged at 01/30/20 23:36:34 by User Vyryn#4618 in Guild: V's Private Server in Channel cafe-bot: with Content: A heart so true
Message logged at 01/30/20 23:37:35 by User Vyryn#4618 in Guild: V's Private Server in Channel cafe-bot: with Content: I will travel across the land
Message logged at 01/30/20 23:38:36 by User Vyryn#4618 in Guild: V's Private Server in Channel cafe-bot: with Content: There's no better team
Message logged at 01/30/20 23:39:36 by User Vyryn#4618 in Guild: V's Private Server in Channel cafe-bot: with Content: Searching far and wide.
Message logged at 01/30/20 23:40:37 by User Vyryn#4618 in Guild: V's Private Server in Channel cafe-bot: with Content: Like no one ever was.
Message logged at 01/30/20 23:41:38 by User Vyryn#4618 in Guild: V's Private Server in Channel cafe-bot: with Content: I will travel across the land
Message logged at 01/30/20 23:42:38 by User Vyryn#4618 in Guild: V's Private Server in Channel cafe-bot: with Content: I will battle every day
Message logged at 01/30/20 23:43:39 by User Vyryn#4618 in Guild: V's Private Server in Channel cafe-bot: with Content: Our courage will pull us through
Message logged at 01/30/20 23:44:40 by User Vyryn#4618 in Guild: V's Private Server in Channel cafe-bot: with Content: In a world we must defend
Message logged at 01/30/20 23:45:42 by User Vyryn#4618 in Guild: V's Private Server in Channel cafe-bot: with Content: I know it's my destiny
Message logged at 01/30/20 23:46:42 by User Vyryn#4618 in Guild: V's Private Server in Channel cafe-bot: with Content: Our courage will pull us through
Message logged at 01/30/20 23:47:42 by User Vyryn#4618 in Guild: V's Private Server in Channel cafe-bot: with Content: Arm in arm we'll win the fight
Message logged at 01/30/20 23:48:42 by User Vyryn#4618 in Guild: V's Private Server in Channel cafe-bot: with Content: The power that's inside
Message logged at 01/30/20 23:49:43 by User Vyryn#4618 in Guild: V's Private Server in Channel cafe-bot: with Content: You teach me and I'll teach you
Message logged at 01/30/20 23:50:46 by User Vyryn#4618 in Guild: V's Private Server in Channel cafe-bot: with Content: To claim my rightful place
Message logged at 01/30/20 23:51:44 by User Vyryn#4618 in Guild: V's Private Server in Channel cafe-bot: with Content: I will travel across the land
Message logged at 01/30/20 23:52:44 by User Vyryn#4618 in Guild: V's Private Server in Channel cafe-bot: with Content: I know it's my destiny
Message logged at 01/30/20 23:53:45 by User Vyryn#4618 in Guild: V's Private Server in Channel cafe-bot: with Content: Each Pokemon to understand
Message logged at 01/30/20 23:54:46 by User Vyryn#4618 in Guild: V's Private Server in Channel cafe-bot: with Content: I will travel across the land
Message logged at 01/30/20 23:55:47 by User Vyryn#4618 in Guild: V's Private Server in Channel cafe-bot: with Content: Like no one ever was.
Message logged at 01/30/20 23:56:47 by User Vyryn#4618 in Guild: V's Private Server in Channel cafe-bot: with Content: The power that's inside
Message logged at 01/30/20 23:57:49 by User Vyryn#4618 in Guild: V's Private Server in Channel cafe-bot: with Content: The power that's inside
Message logged at 01/30/20 23:58:49 by User Vyryn#4618 in Guild: V's Private Server in Channel cafe-bot: with Content: Gotta catch em' all
Message logged at 01/30/20 23:59:50 by User Vyryn#4618 in Guild: V's Private Server in Channel cafe-bot: with Content: There's no better team
