Message logged at 01/26/20 00:50:00 by User Vyryn#4618 in Guild: V's Private Server in Channel cafe-bot: with Content: The power that's inside
Message logged at 01/26/20 00:51:00 by User Vyryn#4618 in Guild: V's Private Server in Channel cafe-bot: with Content: You teach me and I'll teach you
Message logged at 01/26/20 00:51:47 by Bot NOZBot#5854 in Guild: V's Private Server in Channel vybot-testing: with Content: loading data from: Nations of Oz (NOZ).
Message logged at 01/26/20 00:51:47 by Bot NOZBot#5854 in Guild: V's Private Server in Channel vybot-testing: with Content: {'125449182663278592': 48000001, '125449182663278593': 1579846588.039936, '280808624673128450': 99999999, '280808624673128451': 1577074051.047341, '529624901154242580': 40000000, '529624901154242581': 1579857073.6313605, '260241657058951170': 8000000, '260241657058951171': 1576669740.4491646, '610880621329252352': 20000000, '610880621329252353': 1579972176.5109084, '327521369879347201': 4000000, '327521369879347202': 1579846688.8574076, '647624932142088193': 16000000, '647624932142088194': 1579972168.3826482, '514791525281169410': 4000000, '514791525281169411': 1579854012.1918108}
Message logged at 01/26/20 00:51:47 by Bot NOZBot#5854 in Guild: V's Private Server in Channel vybot-testing: with Content: replacing with newer data.
Message logged at 01/26/20 00:51:47 by Bot NOZBot#5854 in Guild: V's Private Server in Channel vybot-testing: with Content: There was an error saving eco for Nations of Oz (NOZ) at 01/26/20 00:51:43.
Message logged at 01/26/20 00:51:48 by Bot NOZBot#5854 in Guild: V's Private Server in Channel vybot-testing: with Content: loading data from: V's Private Server.
Message logged at 01/26/20 00:51:53 by Bot NOZBot#5854 in Guild: V's Private Server in Channel vybot-testing: with Content: {'125449182663278592': 8000012, '125449182663278593': 1576379948.1244516}
Message logged at 01/26/20 00:51:53 by Bot NOZBot#5854 in Guild: V's Private Server in Channel vybot-testing: with Content: replacing with newer data.
Message logged at 01/26/20 00:51:53 by Bot NOZBot#5854 in Guild: V's Private Server in Channel vybot-testing: with Content: There was an error saving eco for V's Private Server at 01/26/20 00:51:49.
Message logged at 01/26/20 00:51:53 by Bot NOZBot#5854 in Guild: V's Private Server in Channel vybot-testing: with Content: loading data from: C a f e *.
Message logged at 01/26/20 00:51:53 by Bot NOZBot#5854 in Guild: V's Private Server in Channel vybot-testing: with Content: {'243101489076240384': 4000000, '243101489076240385': 1576727266.8927286, '311003766704832513': 8000000, '311003766704832514': 1577463724.0731187}
Message logged at 01/26/20 00:52:00 by Bot NOZBot#5854 in Guild: V's Private Server in Channel vybot-testing: with Content: replacing with newer data.
Message logged at 01/26/20 00:52:00 by Bot NOZBot#5854 in Guild: V's Private Server in Channel vybot-testing: with Content: There was an error saving eco for C a f e * at 01/26/20 00:51:56.
Message logged at 01/26/20 00:52:00 by Bot NOZBot#5854 in Guild: V's Private Server in Channel vybot-testing: with Content: loading data from: Chill Corner.
Message logged at 01/26/20 00:52:00 by Bot NOZBot#5854 in Guild: V's Private Server in Channel vybot-testing: with Content: There was an error saving eco for Chill Corner at 01/26/20 00:51:56.
Message logged at 01/26/20 00:52:00 by Bot NOZBot#5854 in Guild: V's Private Server in Channel vybot-testing: with Content: loading data from: Durs Test Server.
Message logged at 01/26/20 00:52:01 by User Vyryn#4618 in Guild: V's Private Server in Channel cafe-bot: with Content: I will battle every day
Message logged at 01/26/20 00:52:06 by Bot NOZBot#5854 in Guild: V's Private Server in Channel vybot-testing: with Content: There was an error saving eco for Durs Test Server at 01/26/20 00:51:56.
Message logged at 01/26/20 00:52:07 by Bot NOZBot#5854 in Guild: V's Private Server in Channel vybot-testing: with Content: loading data from: legends.
Message logged at 01/26/20 00:52:07 by Bot NOZBot#5854 in Guild: V's Private Server in Channel vybot-testing: with Content: There was an error saving eco for legends at 01/26/20 00:52:03.
Message logged at 01/26/20 00:52:07 by Bot NOZBot#5854 in Guild: V's Private Server in Channel vybot-testing: with Content: loading data from: Spam.
Message logged at 01/26/20 00:52:07 by Bot NOZBot#5854 in Guild: V's Private Server in Channel vybot-testing: with Content: There was an error saving eco for Spam at 01/26/20 00:52:03.
Message logged at 01/26/20 00:53:03 by User Vyryn#4618 in Guild: V's Private Server in Channel cafe-bot: with Content: There's no better team
Message logged at 01/26/20 00:54:04 by User Vyryn#4618 in Guild: V's Private Server in Channel cafe-bot: with Content: To train them is my cause
Message logged at 01/26/20 00:55:04 by User Vyryn#4618 in Guild: V's Private Server in Channel cafe-bot: with Content: A heart so true
Message logged at 01/26/20 00:56:05 by User Vyryn#4618 in Guild: V's Private Server in Channel cafe-bot: with Content: Gotta catch em' all
Message logged at 01/26/20 00:57:06 by User Vyryn#4618 in Guild: V's Private Server in Channel cafe-bot: with Content: Like no one ever was.
Message logged at 01/26/20 00:58:06 by User Vyryn#4618 in Guild: V's Private Server in Channel cafe-bot: with Content: I want to be the very best
Message logged at 01/26/20 00:59:06 by User Vyryn#4618 in Guild: V's Private Server in Channel cafe-bot: with Content: I want to be the very best
Message logged at 01/26/20 01:00:07 by User Vyryn#4618 in Guild: V's Private Server in Channel cafe-bot: with Content: It's you and me
Message logged at 01/26/20 01:01:07 by User Vyryn#4618 in Guild: V's Private Server in Channel cafe-bot: with Content: I want to be the very best
Message logged at 01/26/20 01:02:08 by Bot NOZBot#5854 in Guild: V's Private Server in Channel vybot-testing: with Content: loading data from: Nations of Oz (NOZ).
Message logged at 01/26/20 01:02:08 by User Vyryn#4618 in Guild: V's Private Server in Channel cafe-bot: with Content: Each Pokemon to understand
Message logged at 01/26/20 01:02:08 by Bot NOZBot#5854 in Guild: V's Private Server in Channel vybot-testing: with Content: {'125449182663278592': 48000001, '125449182663278593': 1579846588.039936, '280808624673128450': 99999999, '280808624673128451': 1577074051.047341, '529624901154242580': 40000000, '529624901154242581': 1579857073.6313605, '260241657058951170': 8000000, '260241657058951171': 1576669740.4491646, '610880621329252352': 20000000, '610880621329252353': 1579972176.5109084, '327521369879347201': 4000000, '327521369879347202': 1579846688.8574076, '647624932142088193': 16000000, '647624932142088194': 1579972168.3826482, '514791525281169410': 4000000, '514791525281169411': 1579854012.1918108}
Message logged at 01/26/20 01:02:08 by Bot NOZBot#5854 in Guild: V's Private Server in Channel vybot-testing: with Content: replacing with newer data.
Message logged at 01/26/20 01:02:08 by Bot NOZBot#5854 in Guild: V's Private Server in Channel vybot-testing: with Content: There was an error saving eco for Nations of Oz (NOZ) at 01/26/20 01:02:04.
Message logged at 01/26/20 01:02:08 by Bot NOZBot#5854 in Guild: V's Private Server in Channel vybot-testing: with Content: loading data from: V's Private Server.
Message logged at 01/26/20 01:02:15 by Bot NOZBot#5854 in Guild: V's Private Server in Channel vybot-testing: with Content: {'125449182663278592': 8000012, '125449182663278593': 1576379948.1244516}
Message logged at 01/26/20 01:02:15 by Bot NOZBot#5854 in Guild: V's Private Server in Channel vybot-testing: with Content: replacing with newer data.
Message logged at 01/26/20 01:02:15 by Bot NOZBot#5854 in Guild: V's Private Server in Channel vybot-testing: with Content: There was an error saving eco for V's Private Server at 01/26/20 01:02:11.
Message logged at 01/26/20 01:02:15 by Bot NOZBot#5854 in Guild: V's Private Server in Channel vybot-testing: with Content: loading data from: C a f e *.
Message logged at 01/26/20 01:02:15 by Bot NOZBot#5854 in Guild: V's Private Server in Channel vybot-testing: with Content: {'243101489076240384': 4000000, '243101489076240385': 1576727266.8927286, '311003766704832513': 8000000, '311003766704832514': 1577463724.0731187}
Message logged at 01/26/20 01:02:21 by Bot NOZBot#5854 in Guild: V's Private Server in Channel vybot-testing: with Content: replacing with newer data.
Message logged at 01/26/20 01:02:22 by Bot NOZBot#5854 in Guild: V's Private Server in Channel vybot-testing: with Content: There was an error saving eco for C a f e * at 01/26/20 01:02:17.
Message logged at 01/26/20 01:02:22 by Bot NOZBot#5854 in Guild: V's Private Server in Channel vybot-testing: with Content: loading data from: Chill Corner.
Message logged at 01/26/20 01:02:22 by Bot NOZBot#5854 in Guild: V's Private Server in Channel vybot-testing: with Content: There was an error saving eco for Chill Corner at 01/26/20 01:02:18.
Message logged at 01/26/20 01:02:22 by Bot NOZBot#5854 in Guild: V's Private Server in Channel vybot-testing: with Content: loading data from: Durs Test Server.
Message logged at 01/26/20 01:02:27 by Bot NOZBot#5854 in Guild: V's Private Server in Channel vybot-testing: with Content: There was an error saving eco for Durs Test Server at 01/26/20 01:02:18.
Message logged at 01/26/20 01:02:27 by Bot NOZBot#5854 in Guild: V's Private Server in Channel vybot-testing: with Content: loading data from: legends.
Message logged at 01/26/20 01:02:28 by Bot NOZBot#5854 in Guild: V's Private Server in Channel vybot-testing: with Content: There was an error saving eco for legends at 01/26/20 01:02:23.
Message logged at 01/26/20 01:02:28 by Bot NOZBot#5854 in Guild: V's Private Server in Channel vybot-testing: with Content: loading data from: Spam.
Message logged at 01/26/20 01:02:28 by Bot NOZBot#5854 in Guild: V's Private Server in Channel vybot-testing: with Content: There was an error saving eco for Spam at 01/26/20 01:02:24.
Message logged at 01/26/20 01:03:09 by User Vyryn#4618 in Guild: V's Private Server in Channel cafe-bot: with Content: It's you and me
Message logged at 01/26/20 01:04:10 by User Vyryn#4618 in Guild: V's Private Server in Channel cafe-bot: with Content: I will travel across the land
Message logged at 01/26/20 01:05:11 by User Vyryn#4618 in Guild: V's Private Server in Channel cafe-bot: with Content: Come with me the time is right
Message logged at 01/26/20 01:06:13 by User Vyryn#4618 in Guild: V's Private Server in Channel cafe-bot: with Content: Our courage will pull us through
Message logged at 01/26/20 01:07:13 by User Vyryn#4618 in Guild: V's Private Server in Channel cafe-bot: with Content: Every challenge along the way
Message logged at 01/26/20 01:08:15 by User Vyryn#4618 in Guild: V's Private Server in Channel cafe-bot: with Content: I will battle every day
Message logged at 01/26/20 01:09:15 by User Vyryn#4618 in Guild: V's Private Server in Channel cafe-bot: with Content: You teach me and I'll teach you
Message logged at 01/26/20 01:10:15 by User Vyryn#4618 in Guild: V's Private Server in Channel cafe-bot: with Content: Po - ke - mon
Message logged at 01/26/20 01:11:16 by User Vyryn#4618 in Guild: V's Private Server in Channel cafe-bot: with Content: You teach me and I'll teach you
Message logged at 01/26/20 01:12:17 by User Vyryn#4618 in Guild: V's Private Server in Channel cafe-bot: with Content: A heart so true
Message logged at 01/26/20 01:12:29 by Bot NOZBot#5854 in Guild: V's Private Server in Channel vybot-testing: with Content: loading data from: Nations of Oz (NOZ).
Message logged at 01/26/20 01:12:29 by Bot NOZBot#5854 in Guild: V's Private Server in Channel vybot-testing: with Content: {'125449182663278592': 48000001, '125449182663278593': 1579846588.039936, '280808624673128450': 99999999, '280808624673128451': 1577074051.047341, '529624901154242580': 40000000, '529624901154242581': 1579857073.6313605, '260241657058951170': 8000000, '260241657058951171': 1576669740.4491646, '610880621329252352': 20000000, '610880621329252353': 1579972176.5109084, '327521369879347201': 4000000, '327521369879347202': 1579846688.8574076, '647624932142088193': 16000000, '647624932142088194': 1579972168.3826482, '514791525281169410': 4000000, '514791525281169411': 1579854012.1918108}
Message logged at 01/26/20 01:12:29 by Bot NOZBot#5854 in Guild: V's Private Server in Channel vybot-testing: with Content: replacing with newer data.
Message logged at 01/26/20 01:12:29 by Bot NOZBot#5854 in Guild: V's Private Server in Channel vybot-testing: with Content: There was an error saving eco for Nations of Oz (NOZ) at 01/26/20 01:12:25.
Message logged at 01/26/20 01:12:29 by Bot NOZBot#5854 in Guild: V's Private Server in Channel vybot-testing: with Content: loading data from: V's Private Server.
Message logged at 01/26/20 01:12:35 by Bot NOZBot#5854 in Guild: V's Private Server in Channel vybot-testing: with Content: {'125449182663278592': 8000012, '125449182663278593': 1576379948.1244516}
Message logged at 01/26/20 01:12:36 by Bot NOZBot#5854 in Guild: V's Private Server in Channel vybot-testing: with Content: replacing with newer data.
Message logged at 01/26/20 01:12:36 by Bot NOZBot#5854 in Guild: V's Private Server in Channel vybot-testing: with Content: There was an error saving eco for V's Private Server at 01/26/20 01:12:32.
Message logged at 01/26/20 01:12:36 by Bot NOZBot#5854 in Guild: V's Private Server in Channel vybot-testing: with Content: loading data from: C a f e *.
Message logged at 01/26/20 01:12:36 by Bot NOZBot#5854 in Guild: V's Private Server in Channel vybot-testing: with Content: {'243101489076240384': 4000000, '243101489076240385': 1576727266.8927286, '311003766704832513': 8000000, '311003766704832514': 1577463724.0731187}
Message logged at 01/26/20 01:12:41 by Bot NOZBot#5854 in Guild: V's Private Server in Channel vybot-testing: with Content: replacing with newer data.
Message logged at 01/26/20 01:12:41 by Bot NOZBot#5854 in Guild: V's Private Server in Channel vybot-testing: with Content: There was an error saving eco for C a f e * at 01/26/20 01:12:37.
Message logged at 01/26/20 01:12:42 by Bot NOZBot#5854 in Guild: V's Private Server in Channel vybot-testing: with Content: loading data from: Chill Corner.
Message logged at 01/26/20 01:12:42 by Bot NOZBot#5854 in Guild: V's Private Server in Channel vybot-testing: with Content: There was an error saving eco for Chill Corner at 01/26/20 01:12:38.
Message logged at 01/26/20 01:12:42 by Bot NOZBot#5854 in Guild: V's Private Server in Channel vybot-testing: with Content: loading data from: Durs Test Server.
Message logged at 01/26/20 01:12:47 by Bot NOZBot#5854 in Guild: V's Private Server in Channel vybot-testing: with Content: There was an error saving eco for Durs Test Server at 01/26/20 01:12:38.
Message logged at 01/26/20 01:12:48 by Bot NOZBot#5854 in Guild: V's Private Server in Channel vybot-testing: with Content: loading data from: legends.
Message logged at 01/26/20 01:12:48 by Bot NOZBot#5854 in Guild: V's Private Server in Channel vybot-testing: with Content: There was an error saving eco for legends at 01/26/20 01:12:44.
Message logged at 01/26/20 01:12:48 by Bot NOZBot#5854 in Guild: V's Private Server in Channel vybot-testing: with Content: loading data from: Spam.
Message logged at 01/26/20 01:12:48 by Bot NOZBot#5854 in Guild: V's Private Server in Channel vybot-testing: with Content: There was an error saving eco for Spam at 01/26/20 01:12:44.
Message logged at 01/26/20 01:13:18 by User Vyryn#4618 in Guild: V's Private Server in Channel cafe-bot: with Content: You teach me and I'll teach you
Message logged at 01/26/20 01:14:19 by User Vyryn#4618 in Guild: V's Private Server in Channel cafe-bot: with Content: In a world we must defend
Message logged at 01/26/20 01:15:20 by User Vyryn#4618 in Guild: V's Private Server in Channel cafe-bot: with Content: Each Pokemon to understand
Message logged at 01/26/20 01:16:21 by User Vyryn#4618 in Guild: V's Private Server in Channel cafe-bot: with Content: I will travel across the land
Message logged at 01/26/20 01:17:21 by User Vyryn#4618 in Guild: V's Private Server in Channel cafe-bot: with Content: I will travel across the land
Message logged at 01/26/20 01:18:22 by User Vyryn#4618 in Guild: V's Private Server in Channel cafe-bot: with Content: I will battle every day
Message logged at 01/26/20 01:19:23 by User Vyryn#4618 in Guild: V's Private Server in Channel cafe-bot: with Content: With courage I will face
Message logged at 01/26/20 01:20:23 by User Vyryn#4618 in Guild: V's Private Server in Channel cafe-bot: with Content: To train them is my cause
Message logged at 01/26/20 01:21:24 by User Vyryn#4618 in Guild: V's Private Server in Channel cafe-bot: with Content: It's you and me
Message logged at 01/26/20 01:22:26 by User Vyryn#4618 in Guild: V's Private Server in Channel cafe-bot: with Content: I want to be the very best
Message logged at 01/26/20 01:23:26 by User Vyryn#4618 in Guild: V's Private Server in Channel cafe-bot: with Content: Come with me the time is right
Message logged at 01/26/20 01:24:26 by User Vyryn#4618 in Guild: V's Private Server in Channel cafe-bot: with Content: I will battle every day
Message logged at 01/26/20 01:25:27 by User Vyryn#4618 in Guild: V's Private Server in Channel cafe-bot: with Content: Each Pokemon to understand
Message logged at 01/26/20 01:26:28 by User Vyryn#4618 in Guild: V's Private Server in Channel cafe-bot: with Content: I will battle every day
Message logged at 01/26/20 01:27:29 by User Vyryn#4618 in Guild: V's Private Server in Channel cafe-bot: with Content: Every challenge along the way
Message logged at 01/26/20 01:28:29 by User Vyryn#4618 in Guild: V's Private Server in Channel cafe-bot: with Content: Our courage will pull us through
Message logged at 01/26/20 01:29:30 by User Vyryn#4618 in Guild: V's Private Server in Channel cafe-bot: with Content: It's you and me
Message logged at 01/26/20 01:30:31 by User Vyryn#4618 in Guild: V's Private Server in Channel cafe-bot: with Content: Oh you're my best friend
Message logged at 01/26/20 01:31:32 by User Vyryn#4618 in Guild: V's Private Server in Channel cafe-bot: with Content: I will travel across the land
Message logged at 01/26/20 01:32:32 by User Vyryn#4618 in Guild: V's Private Server in Channel cafe-bot: with Content: In a world we must defend
Message logged at 01/26/20 01:33:32 by User Vyryn#4618 in Guild: V's Private Server in Channel cafe-bot: with Content: There's no better team
Message logged at 01/26/20 01:34:33 by User Vyryn#4618 in Guild: V's Private Server in Channel cafe-bot: with Content: It's always been our dream
Message logged at 01/26/20 01:35:34 by User Vyryn#4618 in Guild: V's Private Server in Channel cafe-bot: with Content: Our courage will pull us through
Message logged at 01/26/20 01:36:35 by User Vyryn#4618 in Guild: V's Private Server in Channel cafe-bot: with Content: It's you and me
Message logged at 01/26/20 01:37:36 by User Vyryn#4618 in Guild: V's Private Server in Channel cafe-bot: with Content: In a world we must defend
Message logged at 01/26/20 01:38:36 by User Vyryn#4618 in Guild: V's Private Server in Channel cafe-bot: with Content: Gotta catch em' all
Message logged at 01/26/20 01:39:37 by User Vyryn#4618 in Guild: V's Private Server in Channel cafe-bot: with Content: With courage I will face
Message logged at 01/26/20 01:40:38 by User Vyryn#4618 in Guild: V's Private Server in Channel cafe-bot: with Content: Gotta catch em' all
Message logged at 01/26/20 01:41:39 by User Vyryn#4618 in Guild: V's Private Server in Channel cafe-bot: with Content: Searching far and wide.
Message logged at 01/26/20 01:42:39 by User Vyryn#4618 in Guild: V's Private Server in Channel cafe-bot: with Content: Come with me the time is right
Message logged at 01/26/20 01:43:41 by User Vyryn#4618 in Guild: V's Private Server in Channel cafe-bot: with Content: Come with me the time is right
Message logged at 01/26/20 01:44:41 by User Vyryn#4618 in Guild: V's Private Server in Channel cafe-bot: with Content: Like no one ever was.
Message logged at 01/26/20 01:45:42 by User Vyryn#4618 in Guild: V's Private Server in Channel cafe-bot: with Content: There's no better team
Message logged at 01/26/20 01:46:43 by User Vyryn#4618 in Guild: V's Private Server in Channel cafe-bot: with Content: You teach me and I'll teach you
Message logged at 01/26/20 01:47:44 by User Vyryn#4618 in Guild: V's Private Server in Channel cafe-bot: with Content: The power that's inside
Message logged at 01/26/20 01:48:45 by User Vyryn#4618 in Guild: V's Private Server in Channel cafe-bot: with Content: Our courage will pull us through
Message logged at 01/26/20 01:49:46 by User Vyryn#4618 in Guild: V's Private Server in Channel cafe-bot: with Content: It's always been our dream
Message logged at 01/26/20 01:50:47 by User Vyryn#4618 in Guild: V's Private Server in Channel cafe-bot: with Content: Each Pokemon to understand
Message logged at 01/26/20 01:51:47 by User Vyryn#4618 in Guild: V's Private Server in Channel cafe-bot: with Content: Each Pokemon to understand
Message logged at 01/26/20 01:52:48 by User Vyryn#4618 in Guild: V's Private Server in Channel cafe-bot: with Content: Po - ke - mon
Message logged at 01/26/20 01:53:48 by User Vyryn#4618 in Guild: V's Private Server in Channel cafe-bot: with Content: Come with me the time is right
Message logged at 01/26/20 01:54:49 by User Vyryn#4618 in Guild: V's Private Server in Channel cafe-bot: with Content: It's you and me
Message logged at 01/26/20 01:55:51 by User Vyryn#4618 in Guild: V's Private Server in Channel cafe-bot: with Content: Come with me the time is right
Message logged at 01/26/20 01:56:51 by User Vyryn#4618 in Guild: V's Private Server in Channel cafe-bot: with Content: It's always been our dream
Message logged at 01/26/20 01:57:52 by User Vyryn#4618 in Guild: V's Private Server in Channel cafe-bot: with Content: The power that's inside
Message logged at 01/26/20 01:58:53 by User Vyryn#4618 in Guild: V's Private Server in Channel cafe-bot: with Content: It's you and me
Message logged at 01/26/20 01:59:54 by User Vyryn#4618 in Guild: V's Private Server in Channel cafe-bot: with Content: In a world we must defend
Message logged at 01/26/20 02:00:55 by User Vyryn#4618 in Guild: V's Private Server in Channel cafe-bot: with Content: I will travel across the land
Message logged at 01/26/20 02:01:55 by User Vyryn#4618 in Guild: V's Private Server in Channel cafe-bot: with Content: Oh you're my best friend
Message logged at 01/26/20 02:02:56 by User Vyryn#4618 in Guild: V's Private Server in Channel cafe-bot: with Content: Pok e mon
Message logged at 01/26/20 02:03:57 by User Vyryn#4618 in Guild: V's Private Server in Channel cafe-bot: with Content: Oh you're my best friend
Message logged at 01/26/20 02:04:58 by User Vyryn#4618 in Guild: V's Private Server in Channel cafe-bot: with Content: Each Pokemon to understand
Message logged at 01/26/20 02:05:59 by User Vyryn#4618 in Guild: V's Private Server in Channel cafe-bot: with Content: A heart so true
Message logged at 01/26/20 02:06:59 by User Vyryn#4618 in Guild: V's Private Server in Channel cafe-bot: with Content: It's you and me
Message logged at 01/26/20 02:08:00 by User Vyryn#4618 in Guild: V's Private Server in Channel cafe-bot: with Content: Pok e mon
Message logged at 01/26/20 02:09:01 by User Vyryn#4618 in Guild: V's Private Server in Channel cafe-bot: with Content: To train them is my cause
Message logged at 01/26/20 02:10:01 by User Vyryn#4618 in Guild: V's Private Server in Channel cafe-bot: with Content: The power that's inside
Message logged at 01/26/20 02:11:01 by User Vyryn#4618 in Guild: V's Private Server in Channel cafe-bot: with Content: A heart so true
Message logged at 01/26/20 02:12:02 by User Vyryn#4618 in Guild: V's Private Server in Channel cafe-bot: with Content: There's no better team
Message logged at 01/26/20 02:13:02 by User Vyryn#4618 in Guild: V's Private Server in Channel cafe-bot: with Content: Each Pokemon to understand
Message logged at 01/26/20 02:14:03 by User Vyryn#4618 in Guild: V's Private Server in Channel cafe-bot: with Content: Every challenge along the way
Message logged at 01/26/20 02:15:04 by User Vyryn#4618 in Guild: V's Private Server in Channel cafe-bot: with Content: I will battle every day
Message logged at 01/26/20 02:16:04 by User Vyryn#4618 in Guild: V's Private Server in Channel cafe-bot: with Content: Po - ke - mon
Message logged at 01/26/20 02:17:05 by User Vyryn#4618 in Guild: V's Private Server in Channel cafe-bot: with Content: Searching far and wide.
Message logged at 01/26/20 02:18:06 by User Vyryn#4618 in Guild: V's Private Server in Channel cafe-bot: with Content: Arm in arm we'll win the fight
Message logged at 01/26/20 02:19:07 by User Vyryn#4618 in Guild: V's Private Server in Channel cafe-bot: with Content: I will travel across the land
Message logged at 01/26/20 02:20:08 by User Vyryn#4618 in Guild: V's Private Server in Channel cafe-bot: with Content: In a world we must defend
Message logged at 01/26/20 02:21:09 by User Vyryn#4618 in Guild: V's Private Server in Channel cafe-bot: with Content: Searching far and wide.
Message logged at 01/26/20 02:22:10 by User Vyryn#4618 in Guild: V's Private Server in Channel cafe-bot: with Content: With courage I will face
Message logged at 01/26/20 02:23:11 by User Vyryn#4618 in Guild: V's Private Server in Channel cafe-bot: with Content: To claim my rightful place
Message logged at 01/26/20 02:24:11 by User Vyryn#4618 in Guild: V's Private Server in Channel cafe-bot: with Content: A heart so true
Message logged at 01/26/20 02:25:12 by User Vyryn#4618 in Guild: V's Private Server in Channel cafe-bot: with Content: You teach me and I'll teach you
Message logged at 01/26/20 02:26:12 by User Vyryn#4618 in Guild: V's Private Server in Channel cafe-bot: with Content: The power that's inside
Message logged at 01/26/20 02:27:13 by User Vyryn#4618 in Guild: V's Private Server in Channel cafe-bot: with Content: Our courage will pull us through
Message logged at 01/26/20 02:28:14 by User Vyryn#4618 in Guild: V's Private Server in Channel cafe-bot: with Content: I know it's my destiny
Message logged at 01/26/20 02:29:15 by User Vyryn#4618 in Guild: V's Private Server in Channel cafe-bot: with Content: It's always been our dream
Message logged at 01/26/20 02:30:16 by User Vyryn#4618 in Guild: V's Private Server in Channel cafe-bot: with Content: In a world we must defend
Message logged at 01/26/20 02:31:16 by User Vyryn#4618 in Guild: V's Private Server in Channel cafe-bot: with Content: The power that's inside
Message logged at 01/26/20 02:32:17 by User Vyryn#4618 in Guild: V's Private Server in Channel cafe-bot: with Content: To train them is my cause
Message logged at 01/26/20 02:33:18 by User Vyryn#4618 in Guild: V's Private Server in Channel cafe-bot: with Content: Each Pokemon to understand
Message logged at 01/26/20 02:34:19 by User Vyryn#4618 in Guild: V's Private Server in Channel cafe-bot: with Content: In a world we must defend
Message logged at 01/26/20 02:35:20 by User Vyryn#4618 in Guild: V's Private Server in Channel cafe-bot: with Content: Oh you're my best friend
Message logged at 01/26/20 02:36:21 by User Vyryn#4618 in Guild: V's Private Server in Channel cafe-bot: with Content: It's you and me
Message logged at 01/26/20 02:37:22 by User Vyryn#4618 in Guild: V's Private Server in Channel cafe-bot: with Content: To catch them is my real test
Message logged at 01/26/20 02:38:23 by User Vyryn#4618 in Guild: V's Private Server in Channel cafe-bot: with Content: The power that's inside
Message logged at 01/26/20 02:39:24 by User Vyryn#4618 in Guild: V's Private Server in Channel cafe-bot: with Content: Po - ke - mon
Message logged at 01/26/20 02:40:24 by User Vyryn#4618 in Guild: V's Private Server in Channel cafe-bot: with Content: You teach me and I'll teach you
Message logged at 01/26/20 02:41:25 by User Vyryn#4618 in Guild: V's Private Server in Channel cafe-bot: with Content: You teach me and I'll teach you
Message logged at 01/26/20 02:41:25 by Bot Cafe#6498 in Guild: V's Private Server in Channel cafe-bot: with Content: <:treasure:638508550305349643> **Sweet! Vyryn#4618,** you found a `uncommon` crate!\n<:confetti:638818395634008084> **Contents:** Cash, or Gems!\n		<:idea:638129934564589582> **Check it out** in .crates!
Message logged at 01/26/20 02:42:26 by User Vyryn#4618 in Guild: V's Private Server in Channel cafe-bot: with Content: There's no better team
Message logged at 01/26/20 02:43:26 by User Vyryn#4618 in Guild: V's Private Server in Channel cafe-bot: with Content: I want to be the very best
Message logged at 01/26/20 02:44:27 by User Vyryn#4618 in Guild: V's Private Server in Channel cafe-bot: with Content: Po - ke - mon
Message logged at 01/26/20 02:45:28 by User Vyryn#4618 in Guild: V's Private Server in Channel cafe-bot: with Content: In a world we must defend
Message logged at 01/26/20 02:46:29 by User Vyryn#4618 in Guild: V's Private Server in Channel cafe-bot: with Content: To train them is my cause
Message logged at 01/26/20 02:47:29 by User Vyryn#4618 in Guild: V's Private Server in Channel cafe-bot: with Content: To train them is my cause
Message logged at 01/26/20 02:48:31 by User Vyryn#4618 in Guild: V's Private Server in Channel cafe-bot: with Content: I will battle every day
Message logged at 01/26/20 02:49:32 by User Vyryn#4618 in Guild: V's Private Server in Channel cafe-bot: with Content: Arm in arm we'll win the fight
Message logged at 01/26/20 02:50:33 by User Vyryn#4618 in Guild: V's Private Server in Channel cafe-bot: with Content: It's you and me
Message logged at 01/26/20 02:51:34 by User Vyryn#4618 in Guild: V's Private Server in Channel cafe-bot: with Content: It's you and me
Message logged at 01/26/20 02:52:34 by User Vyryn#4618 in Guild: V's Private Server in Channel cafe-bot: with Content: Po - ke - mon
Message logged at 01/26/20 02:53:34 by User Vyryn#4618 in Guild: V's Private Server in Channel cafe-bot: with Content: Oh you're my best friend
Message logged at 01/26/20 02:54:35 by User Vyryn#4618 in Guild: V's Private Server in Channel cafe-bot: with Content: A heart so true
Message logged at 01/26/20 02:55:36 by User Vyryn#4618 in Guild: V's Private Server in Channel cafe-bot: with Content: To catch them is my real test
Message logged at 01/26/20 02:56:37 by User Vyryn#4618 in Guild: V's Private Server in Channel cafe-bot: with Content: I will battle every day
Message logged at 01/26/20 02:57:38 by User Vyryn#4618 in Guild: V's Private Server in Channel cafe-bot: with Content: A heart so true
Message logged at 01/26/20 02:58:39 by User Vyryn#4618 in Guild: V's Private Server in Channel cafe-bot: with Content: You teach me and I'll teach you
Message logged at 01/26/20 02:59:39 by User Vyryn#4618 in Guild: V's Private Server in Channel cafe-bot: with Content: To catch them is my real test
Message logged at 01/26/20 03:00:40 by User Vyryn#4618 in Guild: V's Private Server in Channel cafe-bot: with Content: Gotta catch em' all
Message logged at 01/26/20 03:01:41 by User Vyryn#4618 in Guild: V's Private Server in Channel cafe-bot: with Content: To claim my rightful place
Message logged at 01/26/20 03:02:42 by User Vyryn#4618 in Guild: V's Private Server in Channel cafe-bot: with Content: Searching far and wide.
Message logged at 01/26/20 03:03:43 by User Vyryn#4618 in Guild: V's Private Server in Channel cafe-bot: with Content: Each Pokemon to understand
Message logged at 01/26/20 03:04:44 by User Vyryn#4618 in Guild: V's Private Server in Channel cafe-bot: with Content: To catch them is my real test
Message logged at 01/26/20 03:05:45 by User Vyryn#4618 in Guild: V's Private Server in Channel cafe-bot: with Content: I will travel across the land
Message logged at 01/26/20 03:06:46 by User Vyryn#4618 in Guild: V's Private Server in Channel cafe-bot: with Content: Our courage will pull us through
Message logged at 01/26/20 03:07:47 by User Vyryn#4618 in Guild: V's Private Server in Channel cafe-bot: with Content: I want to be the very best
Message logged at 01/26/20 03:08:47 by User Vyryn#4618 in Guild: V's Private Server in Channel cafe-bot: with Content: Po - ke - mon
Message logged at 01/26/20 03:09:49 by User Vyryn#4618 in Guild: V's Private Server in Channel cafe-bot: with Content: Gotta catch em' all
Message logged at 01/26/20 03:10:50 by User Vyryn#4618 in Guild: V's Private Server in Channel cafe-bot: with Content: Each Pokemon to understand
Message logged at 01/26/20 03:11:50 by User Vyryn#4618 in Guild: V's Private Server in Channel cafe-bot: with Content: It's you and me
Message logged at 01/26/20 03:12:51 by User Vyryn#4618 in Guild: V's Private Server in Channel cafe-bot: with Content: Every challenge along the way
Message logged at 01/26/20 03:13:51 by User Vyryn#4618 in Guild: V's Private Server in Channel cafe-bot: with Content: Come with me the time is right
Message logged at 01/26/20 03:14:52 by User Vyryn#4618 in Guild: V's Private Server in Channel cafe-bot: with Content: It's always been our dream
Message logged at 01/26/20 03:15:53 by User Vyryn#4618 in Guild: V's Private Server in Channel cafe-bot: with Content: You teach me and I'll teach you
Message logged at 01/26/20 03:16:53 by User Vyryn#4618 in Guild: V's Private Server in Channel cafe-bot: with Content: In a world we must defend
Message logged at 01/26/20 03:17:54 by User Vyryn#4618 in Guild: V's Private Server in Channel cafe-bot: with Content: Our courage will pull us through
Message logged at 01/26/20 03:18:55 by User Vyryn#4618 in Guild: V's Private Server in Channel cafe-bot: with Content: To catch them is my real test
Message logged at 01/26/20 03:19:56 by User Vyryn#4618 in Guild: V's Private Server in Channel cafe-bot: with Content: To catch them is my real test
Message logged at 01/26/20 03:20:57 by User Vyryn#4618 in Guild: V's Private Server in Channel cafe-bot: with Content: A heart so true
Message logged at 01/26/20 03:21:57 by User Vyryn#4618 in Guild: V's Private Server in Channel cafe-bot: with Content: Our courage will pull us through
Message logged at 01/26/20 03:22:58 by User Vyryn#4618 in Guild: V's Private Server in Channel cafe-bot: with Content: To catch them is my real test
Message logged at 01/26/20 03:23:59 by User Vyryn#4618 in Guild: V's Private Server in Channel cafe-bot: with Content: Come with me the time is right
Message logged at 01/26/20 03:25:00 by User Vyryn#4618 in Guild: V's Private Server in Channel cafe-bot: with Content: Oh you're my best friend
Message logged at 01/26/20 03:26:01 by User Vyryn#4618 in Guild: V's Private Server in Channel cafe-bot: with Content: To train them is my cause
Message logged at 01/26/20 03:27:01 by User Vyryn#4618 in Guild: V's Private Server in Channel cafe-bot: with Content: I know it's my destiny
Message logged at 01/26/20 03:28:02 by User Vyryn#4618 in Guild: V's Private Server in Channel cafe-bot: with Content: It's always been our dream
Message logged at 01/26/20 03:29:03 by User Vyryn#4618 in Guild: V's Private Server in Channel cafe-bot: with Content: Our courage will pull us through
Message logged at 01/26/20 03:30:03 by User Vyryn#4618 in Guild: V's Private Server in Channel cafe-bot: with Content: Oh you're my best friend
Message logged at 01/26/20 03:31:04 by User Vyryn#4618 in Guild: V's Private Server in Channel cafe-bot: with Content: To catch them is my real test
Message logged at 01/26/20 03:32:05 by User Vyryn#4618 in Guild: V's Private Server in Channel cafe-bot: with Content: It's you and me
Message logged at 01/26/20 03:33:06 by User Vyryn#4618 in Guild: V's Private Server in Channel cafe-bot: with Content: A heart so true
Message logged at 01/26/20 03:34:07 by User Vyryn#4618 in Guild: V's Private Server in Channel cafe-bot: with Content: Arm in arm we'll win the fight
Message logged at 01/26/20 03:35:24 by User Vyryn#4618 in Guild: V's Private Server in Channel cafe-bot: with Content: A heart so true
Message logged at 01/26/20 03:36:08 by User Vyryn#4618 in Guild: V's Private Server in Channel cafe-bot: with Content: Each Pokemon to understand
Message logged at 01/26/20 03:37:09 by User Vyryn#4618 in Guild: V's Private Server in Channel cafe-bot: with Content: A heart so true
Message logged at 01/26/20 03:38:10 by User Vyryn#4618 in Guild: V's Private Server in Channel cafe-bot: with Content: In a world we must defend
Message logged at 01/26/20 03:39:11 by User Vyryn#4618 in Guild: V's Private Server in Channel cafe-bot: with Content: With courage I will face
Message logged at 01/26/20 03:39:12 by Bot Cafe#6498 in Guild: V's Private Server in Channel cafe-bot: with Content: <:treasure:638508550305349643> **Sweet! Vyryn#4618,** you found a `common` crate!\n<:confetti:638818395634008084> **Contents:** Cash!\n		<:idea:638129934564589582> **Check it out** in .crates!
Message logged at 01/26/20 03:40:12 by User Vyryn#4618 in Guild: V's Private Server in Channel cafe-bot: with Content: Searching far and wide.
Message logged at 01/26/20 03:41:12 by User Vyryn#4618 in Guild: V's Private Server in Channel cafe-bot: with Content: I will battle every day
Message logged at 01/26/20 03:42:13 by User Vyryn#4618 in Guild: V's Private Server in Channel cafe-bot: with Content: Searching far and wide.
Message logged at 01/26/20 03:43:14 by User Vyryn#4618 in Guild: V's Private Server in Channel cafe-bot: with Content: Like no one ever was.
Message logged at 01/26/20 03:44:16 by User Vyryn#4618 in Guild: V's Private Server in Channel cafe-bot: with Content: To train them is my cause
Message logged at 01/26/20 03:45:17 by User Vyryn#4618 in Guild: V's Private Server in Channel cafe-bot: with Content: Gotta catch em' all
Message logged at 01/26/20 03:46:17 by User Vyryn#4618 in Guild: V's Private Server in Channel cafe-bot: with Content: The power that's inside
Message logged at 01/26/20 03:47:18 by User Vyryn#4618 in Guild: V's Private Server in Channel cafe-bot: with Content: It's always been our dream
Message logged at 01/26/20 03:48:19 by User Vyryn#4618 in Guild: V's Private Server in Channel cafe-bot: with Content: Pok e mon
Message logged at 01/26/20 03:49:20 by User Vyryn#4618 in Guild: V's Private Server in Channel cafe-bot: with Content: Gotta catch em' all
Message logged at 01/26/20 03:50:20 by User Vyryn#4618 in Guild: V's Private Server in Channel cafe-bot: with Content: Gotta catch em' all
